The system is: Darwin - 12.2.1 - i386
Compiling the C compiler identification source file "CMakeCCompilerId.c" succeeded.
Compiler: /usr/bin/cc 
Build flags: 
Id flags: 

The output was:
0


Compilation of the C compiler identification source "CMakeCCompilerId.c" produced "a.out"

The C compiler identification is Clang, found in "/private/var/folders/f_/d59rxtns6ks0g3yd0hzcz9480000gn/T/tmpeKZ79X2013-2-18-15-19_instant/instant_module_315ebc21e0fe220e611965734859ae349eef07f9/CMakeFiles/2.8.10.2/CompilerIdC/a.out"

Compiling the CXX compiler identification source file "CMakeCXXCompilerId.cpp" succeeded.
Compiler: /usr/bin/c++ 
Build flags: 
Id flags: 

The output was:
0


Compilation of the CXX compiler identification source "CMakeCXXCompilerId.cpp" produced "a.out"

The CXX compiler identification is Clang, found in "/private/var/folders/f_/d59rxtns6ks0g3yd0hzcz9480000gn/T/tmpeKZ79X2013-2-18-15-19_instant/instant_module_315ebc21e0fe220e611965734859ae349eef07f9/CMakeFiles/2.8.10.2/CompilerIdCXX/a.out"

Determining if the C compiler works passed with the following output:
Change Dir: /private/var/folders/f_/d59rxtns6ks0g3yd0hzcz9480000gn/T/tmpeKZ79X2013-2-18-15-19_instant/instant_module_315ebc21e0fe220e611965734859ae349eef07f9/CMakeFiles/CMakeTmp

Run Build Command:/usr/bin/make "cmTryCompileExec4206992334/fast"
/usr/bin/make -f CMakeFiles/cmTryCompileExec4206992334.dir/build.make CMakeFiles/cmTryCompileExec4206992334.dir/build
"/Applications/CMake 2.8-10.app/Contents/bin/cmake" -E cmake_progress_report /private/var/folders/f_/d59rxtns6ks0g3yd0hzcz9480000gn/T/tmpeKZ79X2013-2-18-15-19_instant/instant_module_315ebc21e0fe220e611965734859ae349eef07f9/CMakeFiles/CMakeTmp/CMakeFiles 1
Building C object CMakeFiles/cmTryCompileExec4206992334.dir/testCCompiler.c.o
/usr/bin/cc    -o CMakeFiles/cmTryCompileExec4206992334.dir/testCCompiler.c.o   -c /private/var/folders/f_/d59rxtns6ks0g3yd0hzcz9480000gn/T/tmpeKZ79X2013-2-18-15-19_instant/instant_module_315ebc21e0fe220e611965734859ae349eef07f9/CMakeFiles/CMakeTmp/testCCompiler.c
Linking C executable cmTryCompileExec4206992334
"/Applications/CMake 2.8-10.app/Contents/bin/cmake" -E cmake_link_script CMakeFiles/cmTryCompileExec4206992334.dir/link.txt --verbose=1
/usr/bin/cc      -Wl,-search_paths_first -Wl,-headerpad_max_install_names   CMakeFiles/cmTryCompileExec4206992334.dir/testCCompiler.c.o  -o cmTryCompileExec4206992334  


Detecting C compiler ABI info compiled with the following output:
Change Dir: /private/var/folders/f_/d59rxtns6ks0g3yd0hzcz9480000gn/T/tmpeKZ79X2013-2-18-15-19_instant/instant_module_315ebc21e0fe220e611965734859ae349eef07f9/CMakeFiles/CMakeTmp

Run Build Command:/usr/bin/make "cmTryCompileExec1754787647/fast"
/usr/bin/make -f CMakeFiles/cmTryCompileExec1754787647.dir/build.make CMakeFiles/cmTryCompileExec1754787647.dir/build
"/Applications/CMake 2.8-10.app/Contents/bin/cmake" -E cmake_progress_report /private/var/folders/f_/d59rxtns6ks0g3yd0hzcz9480000gn/T/tmpeKZ79X2013-2-18-15-19_instant/instant_module_315ebc21e0fe220e611965734859ae349eef07f9/CMakeFiles/CMakeTmp/CMakeFiles 1
Building C object CMakeFiles/cmTryCompileExec1754787647.dir/CMakeCCompilerABI.c.o
/usr/bin/cc    -o CMakeFiles/cmTryCompileExec1754787647.dir/CMakeCCompilerABI.c.o   -c "/Applications/CMake 2.8-10.app/Contents/share/cmake-2.8/Modules/CMakeCCompilerABI.c"
Linking C executable cmTryCompileExec1754787647
"/Applications/CMake 2.8-10.app/Contents/bin/cmake" -E cmake_link_script CMakeFiles/cmTryCompileExec1754787647.dir/link.txt --verbose=1
/usr/bin/cc      -Wl,-search_paths_first -Wl,-headerpad_max_install_names -v CMakeFiles/cmTryCompileExec1754787647.dir/CMakeCCompilerABI.c.o  -o cmTryCompileExec1754787647   
Apple LLVM version 4.2 (clang-425.0.24) (based on LLVM 3.2svn)
Target: x86_64-apple-darwin12.2.1
Thread model: posix
 "/usr/bin/ld" -demangle -dynamic -arch x86_64 -macosx_version_min 10.8.0 -o cmTryCompileExec1754787647 -search_paths_first -headerpad_max_install_names CMakeFiles/cmTryCompileExec1754787647.dir/CMakeCCompilerABI.c.o -lSystem /usr/bin/../lib/clang/4.2/lib/darwin/libclang_rt.osx.a


Parsed C implicit link information from above output:
  link line regex: [^( *|.*[/\])(ld|ld|collect2)[^/\]*( |$)]
  ignore line: [Change Dir: /private/var/folders/f_/d59rxtns6ks0g3yd0hzcz9480000gn/T/tmpeKZ79X2013-2-18-15-19_instant/instant_module_315ebc21e0fe220e611965734859ae349eef07f9/CMakeFiles/CMakeTmp]
  ignore line: []
  ignore line: [Run Build Command:/usr/bin/make "cmTryCompileExec1754787647/fast"]
  ignore line: [/usr/bin/make -f CMakeFiles/cmTryCompileExec1754787647.dir/build.make CMakeFiles/cmTryCompileExec1754787647.dir/build]
  ignore line: ["/Applications/CMake 2.8-10.app/Contents/bin/cmake" -E cmake_progress_report /private/var/folders/f_/d59rxtns6ks0g3yd0hzcz9480000gn/T/tmpeKZ79X2013-2-18-15-19_instant/instant_module_315ebc21e0fe220e611965734859ae349eef07f9/CMakeFiles/CMakeTmp/CMakeFiles 1]
  ignore line: [Building C object CMakeFiles/cmTryCompileExec1754787647.dir/CMakeCCompilerABI.c.o]
  ignore line: [/usr/bin/cc    -o CMakeFiles/cmTryCompileExec1754787647.dir/CMakeCCompilerABI.c.o   -c "/Applications/CMake 2.8-10.app/Contents/share/cmake-2.8/Modules/CMakeCCompilerABI.c"]
  ignore line: [Linking C executable cmTryCompileExec1754787647]
  ignore line: ["/Applications/CMake 2.8-10.app/Contents/bin/cmake" -E cmake_link_script CMakeFiles/cmTryCompileExec1754787647.dir/link.txt --verbose=1]
  ignore line: [/usr/bin/cc      -Wl,-search_paths_first -Wl,-headerpad_max_install_names -v CMakeFiles/cmTryCompileExec1754787647.dir/CMakeCCompilerABI.c.o  -o cmTryCompileExec1754787647   ]
  ignore line: [Apple LLVM version 4.2 (clang-425.0.24) (based on LLVM 3.2svn)]
  ignore line: [Target: x86_64-apple-darwin12.2.1]
  ignore line: [Thread model: posix]
  link line: [ "/usr/bin/ld" -demangle -dynamic -arch x86_64 -macosx_version_min 10.8.0 -o cmTryCompileExec1754787647 -search_paths_first -headerpad_max_install_names CMakeFiles/cmTryCompileExec1754787647.dir/CMakeCCompilerABI.c.o -lSystem /usr/bin/../lib/clang/4.2/lib/darwin/libclang_rt.osx.a]
    arg [/usr/bin/ld] ==> ignore
    arg [-demangle] ==> ignore
    arg [-dynamic] ==> ignore
    arg [-arch] ==> ignore
    arg [x86_64] ==> ignore
    arg [-macosx_version_min] ==> ignore
    arg [10.8.0] ==> ignore
    arg [-o] ==> ignore
    arg [cmTryCompileExec1754787647] ==> ignore
    arg [-search_paths_first] ==> ignore
    arg [-headerpad_max_install_names] ==> ignore
    arg [CMakeFiles/cmTryCompileExec1754787647.dir/CMakeCCompilerABI.c.o] ==> ignore
    arg [-lSystem] ==> lib [System]
    arg [/usr/bin/../lib/clang/4.2/lib/darwin/libclang_rt.osx.a] ==> lib [/usr/bin/../lib/clang/4.2/lib/darwin/libclang_rt.osx.a]
  remove lib [System]
  implicit libs: [/usr/bin/../lib/clang/4.2/lib/darwin/libclang_rt.osx.a]
  implicit dirs: []


Determining if the CXX compiler works passed with the following output:
Change Dir: /private/var/folders/f_/d59rxtns6ks0g3yd0hzcz9480000gn/T/tmpeKZ79X2013-2-18-15-19_instant/instant_module_315ebc21e0fe220e611965734859ae349eef07f9/CMakeFiles/CMakeTmp

Run Build Command:/usr/bin/make "cmTryCompileExec3996493432/fast"
/usr/bin/make -f CMakeFiles/cmTryCompileExec3996493432.dir/build.make CMakeFiles/cmTryCompileExec3996493432.dir/build
"/Applications/CMake 2.8-10.app/Contents/bin/cmake" -E cmake_progress_report /private/var/folders/f_/d59rxtns6ks0g3yd0hzcz9480000gn/T/tmpeKZ79X2013-2-18-15-19_instant/instant_module_315ebc21e0fe220e611965734859ae349eef07f9/CMakeFiles/CMakeTmp/CMakeFiles 1
Building CXX object CMakeFiles/cmTryCompileExec3996493432.dir/testCXXCompiler.cxx.o
/usr/bin/c++     -o CMakeFiles/cmTryCompileExec3996493432.dir/testCXXCompiler.cxx.o -c /private/var/folders/f_/d59rxtns6ks0g3yd0hzcz9480000gn/T/tmpeKZ79X2013-2-18-15-19_instant/instant_module_315ebc21e0fe220e611965734859ae349eef07f9/CMakeFiles/CMakeTmp/testCXXCompiler.cxx
Linking CXX executable cmTryCompileExec3996493432
"/Applications/CMake 2.8-10.app/Contents/bin/cmake" -E cmake_link_script CMakeFiles/cmTryCompileExec3996493432.dir/link.txt --verbose=1
/usr/bin/c++       -Wl,-search_paths_first -Wl,-headerpad_max_install_names   CMakeFiles/cmTryCompileExec3996493432.dir/testCXXCompiler.cxx.o  -o cmTryCompileExec3996493432  


Detecting CXX compiler ABI info compiled with the following output:
Change Dir: /private/var/folders/f_/d59rxtns6ks0g3yd0hzcz9480000gn/T/tmpeKZ79X2013-2-18-15-19_instant/instant_module_315ebc21e0fe220e611965734859ae349eef07f9/CMakeFiles/CMakeTmp

Run Build Command:/usr/bin/make "cmTryCompileExec3964520629/fast"
/usr/bin/make -f CMakeFiles/cmTryCompileExec3964520629.dir/build.make CMakeFiles/cmTryCompileExec3964520629.dir/build
"/Applications/CMake 2.8-10.app/Contents/bin/cmake" -E cmake_progress_report /private/var/folders/f_/d59rxtns6ks0g3yd0hzcz9480000gn/T/tmpeKZ79X2013-2-18-15-19_instant/instant_module_315ebc21e0fe220e611965734859ae349eef07f9/CMakeFiles/CMakeTmp/CMakeFiles 1
Building CXX object CMakeFiles/cmTryCompileExec3964520629.dir/CMakeCXXCompilerABI.cpp.o
/usr/bin/c++     -o CMakeFiles/cmTryCompileExec3964520629.dir/CMakeCXXCompilerABI.cpp.o -c "/Applications/CMake 2.8-10.app/Contents/share/cmake-2.8/Modules/CMakeCXXCompilerABI.cpp"
Linking CXX executable cmTryCompileExec3964520629
"/Applications/CMake 2.8-10.app/Contents/bin/cmake" -E cmake_link_script CMakeFiles/cmTryCompileExec3964520629.dir/link.txt --verbose=1
/usr/bin/c++       -Wl,-search_paths_first -Wl,-headerpad_max_install_names -v CMakeFiles/cmTryCompileExec3964520629.dir/CMakeCXXCompilerABI.cpp.o  -o cmTryCompileExec3964520629   
Apple LLVM version 4.2 (clang-425.0.24) (based on LLVM 3.2svn)
Target: x86_64-apple-darwin12.2.1
Thread model: posix
 "/usr/bin/ld" -demangle -dynamic -arch x86_64 -macosx_version_min 10.8.0 -o cmTryCompileExec3964520629 -search_paths_first -headerpad_max_install_names CMakeFiles/cmTryCompileExec3964520629.dir/CMakeCXXCompilerABI.cpp.o -lstdc++ -lSystem /usr/bin/../lib/clang/4.2/lib/darwin/libclang_rt.osx.a


Parsed CXX implicit link information from above output:
  link line regex: [^( *|.*[/\])(ld|ld|collect2)[^/\]*( |$)]
  ignore line: [Change Dir: /private/var/folders/f_/d59rxtns6ks0g3yd0hzcz9480000gn/T/tmpeKZ79X2013-2-18-15-19_instant/instant_module_315ebc21e0fe220e611965734859ae349eef07f9/CMakeFiles/CMakeTmp]
  ignore line: []
  ignore line: [Run Build Command:/usr/bin/make "cmTryCompileExec3964520629/fast"]
  ignore line: [/usr/bin/make -f CMakeFiles/cmTryCompileExec3964520629.dir/build.make CMakeFiles/cmTryCompileExec3964520629.dir/build]
  ignore line: ["/Applications/CMake 2.8-10.app/Contents/bin/cmake" -E cmake_progress_report /private/var/folders/f_/d59rxtns6ks0g3yd0hzcz9480000gn/T/tmpeKZ79X2013-2-18-15-19_instant/instant_module_315ebc21e0fe220e611965734859ae349eef07f9/CMakeFiles/CMakeTmp/CMakeFiles 1]
  ignore line: [Building CXX object CMakeFiles/cmTryCompileExec3964520629.dir/CMakeCXXCompilerABI.cpp.o]
  ignore line: [/usr/bin/c++     -o CMakeFiles/cmTryCompileExec3964520629.dir/CMakeCXXCompilerABI.cpp.o -c "/Applications/CMake 2.8-10.app/Contents/share/cmake-2.8/Modules/CMakeCXXCompilerABI.cpp"]
  ignore line: [Linking CXX executable cmTryCompileExec3964520629]
  ignore line: ["/Applications/CMake 2.8-10.app/Contents/bin/cmake" -E cmake_link_script CMakeFiles/cmTryCompileExec3964520629.dir/link.txt --verbose=1]
  ignore line: [/usr/bin/c++       -Wl,-search_paths_first -Wl,-headerpad_max_install_names -v CMakeFiles/cmTryCompileExec3964520629.dir/CMakeCXXCompilerABI.cpp.o  -o cmTryCompileExec3964520629   ]
  ignore line: [Apple LLVM version 4.2 (clang-425.0.24) (based on LLVM 3.2svn)]
  ignore line: [Target: x86_64-apple-darwin12.2.1]
  ignore line: [Thread model: posix]
  link line: [ "/usr/bin/ld" -demangle -dynamic -arch x86_64 -macosx_version_min 10.8.0 -o cmTryCompileExec3964520629 -search_paths_first -headerpad_max_install_names CMakeFiles/cmTryCompileExec3964520629.dir/CMakeCXXCompilerABI.cpp.o -lstdc++ -lSystem /usr/bin/../lib/clang/4.2/lib/darwin/libclang_rt.osx.a]
    arg [/usr/bin/ld] ==> ignore
    arg [-demangle] ==> ignore
    arg [-dynamic] ==> ignore
    arg [-arch] ==> ignore
    arg [x86_64] ==> ignore
    arg [-macosx_version_min] ==> ignore
    arg [10.8.0] ==> ignore
    arg [-o] ==> ignore
    arg [cmTryCompileExec3964520629] ==> ignore
    arg [-search_paths_first] ==> ignore
    arg [-headerpad_max_install_names] ==> ignore
    arg [CMakeFiles/cmTryCompileExec3964520629.dir/CMakeCXXCompilerABI.cpp.o] ==> ignore
    arg [-lstdc++] ==> lib [stdc++]
    arg [-lSystem] ==> lib [System]
    arg [/usr/bin/../lib/clang/4.2/lib/darwin/libclang_rt.osx.a] ==> lib [/usr/bin/../lib/clang/4.2/lib/darwin/libclang_rt.osx.a]
  remove lib [System]
  implicit libs: [stdc++;/usr/bin/../lib/clang/4.2/lib/darwin/libclang_rt.osx.a]
  implicit dirs: []


