
this is a debug log for diagnosing/reporting problems in bzr
you can delete or truncate this file, or include sections in
bug reports to https://bugs.launchpad.net/bzr/+filebug

Mon 2013-02-18 11:13:34 +0400
[22285] 2013-02-18 11:13:34.435 WARNING: bzr: warning: some compiled extensions could not be loaded; see <https://answers.launchpad.net/bzr/+faq/703>

пн 2013-02-18 11:15:22 +0400
0.106  bazaar version: 2.5.1
0.106  bzr arguments: [u'branch', u'lp:ufl']
0.115  looking for plugins in /Users/maksim/.bazaar/plugins
0.115  looking for plugins in /usr/local/Cellar/bazaar/2.5.1/libexec/bzrlib/plugins
0.153  looking for plugins in /Library/Frameworks/EPD64.framework/Versions/7.3/lib/python2.7/site-packages/bzrlib/plugins
0.155  encoding stdout as sys.stdout encoding 'UTF-8'
[22406] 2013-02-18 11:15:22.928 WARNING: Not checking SSL certificate for xmlrpc.launchpad.net
[22406] 2013-02-18 11:15:23.241 WARNING: You have not informed bzr of your Launchpad ID, and you must do this to
write to Launchpad or access private data.  See "bzr help launchpad-login".
1.754  creating repository in file:///Users/maksim/tmp/ufl/.bzr/.
1.816  Using fetch logic to copy between CHKInventoryRepository('http://bazaar.launchpad.net/~ufl-core/ufl/main/.bzr/repository/')(RepositoryFormat2a()) and CHKInventoryRepository('file:///Users/maksim/tmp/ufl/.bzr/repository/')(RepositoryFormat2a())
1.816  fetching: <PendingAncestryResult heads:frozenset(['martinal@simula.no-20130212150814-rwff801yu35lm0jv']) repo:CHKInventoryRepository('http://bazaar.launchpad.net/~ufl-core/ufl/main/.bzr/repository/')>
11.600  23 bytes left on the HTTP socket
16.381  23 bytes left on the HTTP socket
16.501  23 bytes left on the HTTP socket
16.678  23 bytes left on the HTTP socket
16.810  23 bytes left on the HTTP socket
16.947  23 bytes left on the HTTP socket
17.090  23 bytes left on the HTTP socket
17.226  22 bytes left on the HTTP socket
17.547  23 bytes left on the HTTP socket
17.784  23 bytes left on the HTTP socket
20.080  23 bytes left on the HTTP socket
21.570  creating branch <bzrlib.branch.BzrBranchFormat7 object at 0x101919fd0> in file:///Users/maksim/tmp/ufl/
21.767  created new branch BzrBranch7(file:///Users/maksim/tmp/ufl/)
21.769  trying to create missing lock '/Users/maksim/tmp/ufl/.bzr/checkout/dirstate'
21.770  opening working tree '/Users/maksim/tmp/ufl'
[22406] 2013-02-18 11:15:44.564 INFO: Branched 1569 revisions.
22.000  Transferred: 4221kB (198.9kB/s r:4162kB w:60kB)
22.001  return code 0

пн 2013-02-18 11:16:26 +0400
0.040  bazaar version: 2.5.1
0.040  bzr arguments: [u'branch', u'lp:viper']
0.045  looking for plugins in /Users/maksim/.bazaar/plugins
0.045  looking for plugins in /usr/local/Cellar/bazaar/2.5.1/libexec/bzrlib/plugins
0.055  looking for plugins in /Library/Frameworks/EPD64.framework/Versions/7.3/lib/python2.7/site-packages/bzrlib/plugins
0.056  encoding stdout as sys.stdout encoding 'UTF-8'
[22422] 2013-02-18 11:16:26.568 WARNING: Not checking SSL certificate for xmlrpc.launchpad.net
[22422] 2013-02-18 11:16:26.861 WARNING: You have not informed bzr of your Launchpad ID, and you must do this to
write to Launchpad or access private data.  See "bzr help launchpad-login".
0.431  Transferred: 0kB (0.0kB/s r:0kB w:0kB)
0.436  Traceback (most recent call last):
  File "/usr/local/Cellar/bazaar/2.5.1/libexec/bzrlib/commands.py", line 920, in exception_to_return_code
    return the_callable(*args, **kwargs)
  File "/usr/local/Cellar/bazaar/2.5.1/libexec/bzrlib/commands.py", line 1131, in run_bzr
    ret = run(*run_argv)
  File "/usr/local/Cellar/bazaar/2.5.1/libexec/bzrlib/commands.py", line 673, in run_argv_aliases
    return self.run(**all_cmd_args)
  File "/usr/local/Cellar/bazaar/2.5.1/libexec/bzrlib/commands.py", line 695, in run
    return self._operation.run_simple(*args, **kwargs)
  File "/usr/local/Cellar/bazaar/2.5.1/libexec/bzrlib/cleanup.py", line 136, in run_simple
    self.cleanups, self.func, *args, **kwargs)
  File "/usr/local/Cellar/bazaar/2.5.1/libexec/bzrlib/cleanup.py", line 166, in _do_with_cleanups
    result = func(*args, **kwargs)
  File "/usr/local/Cellar/bazaar/2.5.1/libexec/bzrlib/builtins.py", line 1438, in run
    from_location)
  File "/usr/local/Cellar/bazaar/2.5.1/libexec/bzrlib/controldir.py", line 778, in open_tree_or_branch
    controldir = klass.open(location)
  File "/usr/local/Cellar/bazaar/2.5.1/libexec/bzrlib/controldir.py", line 685, in open
    t = _mod_transport.get_transport(base, possible_transports)
  File "/usr/local/Cellar/bazaar/2.5.1/libexec/bzrlib/transport/__init__.py", line 1679, in get_transport
    return get_transport_from_url(location_to_url(base), possible_transports)
  File "/usr/local/Cellar/bazaar/2.5.1/libexec/bzrlib/transport/__init__.py", line 1601, in location_to_url
    location = directories.dereference(location)
  File "/usr/local/Cellar/bazaar/2.5.1/libexec/bzrlib/directory_service.py", line 65, in dereference
    return service().look_up(name, url)
  File "/usr/local/Cellar/bazaar/2.5.1/libexec/bzrlib/plugins/launchpad/lp_directory.py", line 68, in look_up
    return self._resolve(url)
  File "/usr/local/Cellar/bazaar/2.5.1/libexec/bzrlib/plugins/launchpad/lp_directory.py", line 202, in _resolve
    raise errors.InvalidURL(path=url, extra='no supported schemes')
InvalidURL: Invalid url supplied to transport: "bzr+ssh://bazaar.launchpad.net/+branch/viper": no supported schemes

0.436  return code 3

пн 2013-02-18 11:17:20 +0400
0.040  bazaar version: 2.5.1
0.040  bzr arguments: [u'branch', u'lp:ffc']
0.045  looking for plugins in /Users/maksim/.bazaar/plugins
0.045  looking for plugins in /usr/local/Cellar/bazaar/2.5.1/libexec/bzrlib/plugins
0.054  looking for plugins in /Library/Frameworks/EPD64.framework/Versions/7.3/lib/python2.7/site-packages/bzrlib/plugins
0.056  encoding stdout as sys.stdout encoding 'UTF-8'
[22425] 2013-02-18 11:17:20.691 WARNING: Not checking SSL certificate for xmlrpc.launchpad.net
[22425] 2013-02-18 11:17:20.974 WARNING: You have not informed bzr of your Launchpad ID, and you must do this to
write to Launchpad or access private data.  See "bzr help launchpad-login".
1.230  creating repository in file:///Users/maksim/tmp/ffc/.bzr/.
1.291  Using fetch logic to copy between CHKInventoryRepository('http://bazaar.launchpad.net/~ffc-core/ffc/main/.bzr/repository/')(RepositoryFormat2a()) and CHKInventoryRepository('file:///Users/maksim/tmp/ffc/.bzr/repository/')(RepositoryFormat2a())
1.291  fetching: <PendingAncestryResult heads:frozenset(['martinal@simula.no-20130206120030-zfmraf85nu1cjl6e']) repo:CHKInventoryRepository('http://bazaar.launchpad.net/~ffc-core/ffc/main/.bzr/repository/')>
5.126  23 bytes left on the HTTP socket
6.897  23 bytes left on the HTTP socket
7.315  22 bytes left on the HTTP socket
8.195  23 bytes left on the HTTP socket
8.717  23 bytes left on the HTTP socket
10.888  23 bytes left on the HTTP socket
14.241  23 bytes left on the HTTP socket
14.366  22 bytes left on the HTTP socket
14.663  22 bytes left on the HTTP socket
15.103  22 bytes left on the HTTP socket
16.245  23 bytes left on the HTTP socket
16.981  23 bytes left on the HTTP socket
17.832  23 bytes left on the HTTP socket
18.637  22 bytes left on the HTTP socket
19.683  23 bytes left on the HTTP socket
20.710  23 bytes left on the HTTP socket
22.685  23 bytes left on the HTTP socket
23.817  23 bytes left on the HTTP socket
24.633  22 bytes left on the HTTP socket
25.150  23 bytes left on the HTTP socket
26.155  23 bytes left on the HTTP socket
27.921  23 bytes left on the HTTP socket
29.377  23 bytes left on the HTTP socket
30.675  23 bytes left on the HTTP socket
31.113  23 bytes left on the HTTP socket
31.855  23 bytes left on the HTTP socket
32.285  22 bytes left on the HTTP socket
33.100  23 bytes left on the HTTP socket
33.913  23 bytes left on the HTTP socket
34.596  23 bytes left on the HTTP socket
35.378  23 bytes left on the HTTP socket
36.040  23 bytes left on the HTTP socket
36.636  23 bytes left on the HTTP socket
37.185  23 bytes left on the HTTP socket
37.550  23 bytes left on the HTTP socket
37.985  22 bytes left on the HTTP socket
39.901  22 bytes left on the HTTP socket
41.136  23 bytes left on the HTTP socket
41.905  23 bytes left on the HTTP socket
43.225  23 bytes left on the HTTP socket
43.970  22 bytes left on the HTTP socket
44.773  23 bytes left on the HTTP socket
45.627  23 bytes left on the HTTP socket
46.421  23 bytes left on the HTTP socket
47.056  22 bytes left on the HTTP socket
48.637  23 bytes left on the HTTP socket
49.454  23 bytes left on the HTTP socket
50.633  23 bytes left on the HTTP socket
51.197  22 bytes left on the HTTP socket
51.840  23 bytes left on the HTTP socket
52.513  23 bytes left on the HTTP socket
53.166  23 bytes left on the HTTP socket
53.389  23 bytes left on the HTTP socket
53.869  23 bytes left on the HTTP socket
54.120  23 bytes left on the HTTP socket
54.513  23 bytes left on the HTTP socket
54.690  23 bytes left on the HTTP socket
55.140  23 bytes left on the HTTP socket
56.176  23 bytes left on the HTTP socket
56.975  22 bytes left on the HTTP socket
57.603  23 bytes left on the HTTP socket
57.888  23 bytes left on the HTTP socket
58.597  22 bytes left on the HTTP socket
59.315  23 bytes left on the HTTP socket
59.760  23 bytes left on the HTTP socket
60.215  23 bytes left on the HTTP socket
60.665  22 bytes left on the HTTP socket
61.693  23 bytes left on the HTTP socket
63.019  22 bytes left on the HTTP socket
64.059  23 bytes left on the HTTP socket
65.150  22 bytes left on the HTTP socket
65.496  22 bytes left on the HTTP socket
66.121  23 bytes left on the HTTP socket
66.406  23 bytes left on the HTTP socket
67.420  23 bytes left on the HTTP socket
67.881  22 bytes left on the HTTP socket
68.702  23 bytes left on the HTTP socket
69.274  22 bytes left on the HTTP socket
69.536  23 bytes left on the HTTP socket
70.314  22 bytes left on the HTTP socket
70.644  23 bytes left on the HTTP socket
71.261  23 bytes left on the HTTP socket
71.766  23 bytes left on the HTTP socket
73.513  23 bytes left on the HTTP socket
74.075  23 bytes left on the HTTP socket
76.594  creating branch <bzrlib.branch.BzrBranchFormat7 object at 0x102fa8d90> in file:///Users/maksim/tmp/ffc/
76.796  created new branch BzrBranch7(file:///Users/maksim/tmp/ffc/)
76.799  trying to create missing lock '/Users/maksim/tmp/ffc/.bzr/checkout/dirstate'
76.800  opening working tree '/Users/maksim/tmp/ffc'
[22425] 2013-02-18 11:18:37.956 INFO: Branched 1831 revisions.
77.401  Transferred: 33435kB (434.7kB/s r:33388kB w:47kB)
77.401  return code 0

пн 2013-02-18 11:18:45 +0400
0.041  bazaar version: 2.5.1
0.041  bzr arguments: [u'branch', u'lp:fiat']
0.046  looking for plugins in /Users/maksim/.bazaar/plugins
0.046  looking for plugins in /usr/local/Cellar/bazaar/2.5.1/libexec/bzrlib/plugins
0.055  looking for plugins in /Library/Frameworks/EPD64.framework/Versions/7.3/lib/python2.7/site-packages/bzrlib/plugins
0.056  encoding stdout as sys.stdout encoding 'UTF-8'
[22433] 2013-02-18 11:18:45.348 WARNING: Not checking SSL certificate for xmlrpc.launchpad.net
[22433] 2013-02-18 11:18:45.652 WARNING: You have not informed bzr of your Launchpad ID, and you must do this to
write to Launchpad or access private data.  See "bzr help launchpad-login".
1.247  creating repository in file:///Users/maksim/tmp/fiat/.bzr/.
1.308  Using fetch logic to copy between CHKInventoryRepository('http://bazaar.launchpad.net/~fiat-core/fiat/main/.bzr/repository/')(RepositoryFormat2a()) and CHKInventoryRepository('file:///Users/maksim/tmp/fiat/.bzr/repository/')(RepositoryFormat2a())
1.308  fetching: <PendingAncestryResult heads:frozenset(['martinal@simula.no-20130108103137-sgl5389f2od4bynn']) repo:CHKInventoryRepository('http://bazaar.launchpad.net/~fiat-core/fiat/main/.bzr/repository/')>
7.949  23 bytes left on the HTTP socket
9.641  23 bytes left on the HTTP socket
11.485  23 bytes left on the HTTP socket
13.960  23 bytes left on the HTTP socket
14.089  22 bytes left on the HTTP socket
14.942  22 bytes left on the HTTP socket
16.020  22 bytes left on the HTTP socket
17.158  22 bytes left on the HTTP socket
17.236  22 bytes left on the HTTP socket
19.733  23 bytes left on the HTTP socket
21.108  22 bytes left on the HTTP socket
23.891  22 bytes left on the HTTP socket
24.035  22 bytes left on the HTTP socket
25.993  23 bytes left on the HTTP socket
27.309  23 bytes left on the HTTP socket
29.329  23 bytes left on the HTTP socket
30.338  23 bytes left on the HTTP socket
31.426  23 bytes left on the HTTP socket
32.943  23 bytes left on the HTTP socket
34.293  23 bytes left on the HTTP socket
36.327  23 bytes left on the HTTP socket
37.314  creating branch <bzrlib.branch.BzrBranchFormat7 object at 0x101ac4e10> in file:///Users/maksim/tmp/fiat/
37.500  created new branch BzrBranch7(file:///Users/maksim/tmp/fiat/)
37.503  trying to create missing lock '/Users/maksim/tmp/fiat/.bzr/checkout/dirstate'
37.503  opening working tree '/Users/maksim/tmp/fiat'
[22433] 2013-02-18 11:19:22.857 INFO: Branched 192 revisions.
37.647  Transferred: 71623kB (1928.3kB/s r:71578kB w:45kB)
37.647  return code 0

пн 2013-02-18 11:19:29 +0400
0.039  bazaar version: 2.5.1
0.039  bzr arguments: [u'branch', u'lp:instant']
0.044  looking for plugins in /Users/maksim/.bazaar/plugins
0.044  looking for plugins in /usr/local/Cellar/bazaar/2.5.1/libexec/bzrlib/plugins
0.053  looking for plugins in /Library/Frameworks/EPD64.framework/Versions/7.3/lib/python2.7/site-packages/bzrlib/plugins
0.054  encoding stdout as sys.stdout encoding 'UTF-8'
[22434] 2013-02-18 11:19:29.314 WARNING: Not checking SSL certificate for xmlrpc.launchpad.net
[22434] 2013-02-18 11:19:29.598 WARNING: You have not informed bzr of your Launchpad ID, and you must do this to
write to Launchpad or access private data.  See "bzr help launchpad-login".
1.221  creating repository in file:///Users/maksim/tmp/instant/.bzr/.
1.282  Using fetch logic to copy between CHKInventoryRepository('http://bazaar.launchpad.net/~instant-core/instant/main/.bzr/repository/')(RepositoryFormat2a()) and CHKInventoryRepository('file:///Users/maksim/tmp/instant/.bzr/repository/')(RepositoryFormat2a())
1.282  fetching: <PendingAncestryResult heads:frozenset(['johannr@simula.no-20130214090415-4b80te10k0ynrt30']) repo:CHKInventoryRepository('http://bazaar.launchpad.net/~instant-core/instant/main/.bzr/repository/')>
6.498  23 bytes left on the HTTP socket
8.384  22 bytes left on the HTTP socket
9.596  creating branch <bzrlib.branch.BzrBranchFormat7 object at 0x101ac4d90> in file:///Users/maksim/tmp/instant/
9.792  created new branch BzrBranch7(file:///Users/maksim/tmp/instant/)
9.795  trying to create missing lock '/Users/maksim/tmp/instant/.bzr/checkout/dirstate'
9.795  opening working tree '/Users/maksim/tmp/instant'
[22434] 2013-02-18 11:19:39.048 INFO: Branched 349 revisions.
9.868  Transferred: 891kB (95.0kB/s r:854kB w:37kB)
9.869  return code 0

пн 2013-02-18 11:21:17 +0400
0.039  bazaar version: 2.5.1
0.039  bzr arguments: [u'branch', u'lp:ufc']
0.044  looking for plugins in /Users/maksim/.bazaar/plugins
0.044  looking for plugins in /usr/local/Cellar/bazaar/2.5.1/libexec/bzrlib/plugins
0.053  looking for plugins in /Library/Frameworks/EPD64.framework/Versions/7.3/lib/python2.7/site-packages/bzrlib/plugins
0.054  encoding stdout as sys.stdout encoding 'UTF-8'
[22460] 2013-02-18 11:21:17.379 WARNING: Not checking SSL certificate for xmlrpc.launchpad.net
[22460] 2013-02-18 11:21:17.686 WARNING: You have not informed bzr of your Launchpad ID, and you must do this to
write to Launchpad or access private data.  See "bzr help launchpad-login".
1.241  creating repository in file:///Users/maksim/tmp/ufc/.bzr/.
1.303  Using fetch logic to copy between CHKInventoryRepository('http://bazaar.launchpad.net/~ufc-core/ufc/main/.bzr/repository/')(RepositoryFormat2a()) and CHKInventoryRepository('file:///Users/maksim/tmp/ufc/.bzr/repository/')(RepositoryFormat2a())
1.303  fetching: <PendingAncestryResult heads:frozenset(['martinal@simula.no-20130206150825-aota1hbvjlueeykl']) repo:CHKInventoryRepository('http://bazaar.launchpad.net/~ufc-core/ufc/main/.bzr/repository/')>
7.412  23 bytes left on the HTTP socket
8.441  23 bytes left on the HTTP socket
8.655  23 bytes left on the HTTP socket
10.310  23 bytes left on the HTTP socket
11.140  23 bytes left on the HTTP socket
11.551  23 bytes left on the HTTP socket
11.857  creating branch <bzrlib.branch.BzrBranchFormat7 object at 0x102f28390> in file:///Users/maksim/tmp/ufc/
12.090  created new branch BzrBranch7(file:///Users/maksim/tmp/ufc/)
12.092  trying to create missing lock '/Users/maksim/tmp/ufc/.bzr/checkout/dirstate'
12.093  opening working tree '/Users/maksim/tmp/ufc'
[22460] 2013-02-18 11:21:29.427 INFO: Branched 389 revisions.
12.183  Transferred: 14436kB (1236.1kB/s r:14406kB w:29kB)
12.183  return code 0

пн 2013-02-18 11:23:41 +0400
0.042  bazaar version: 2.5.1
0.043  bzr arguments: [u'branch', u'lp:dolfin']
0.047  looking for plugins in /Users/maksim/.bazaar/plugins
0.047  looking for plugins in /usr/local/Cellar/bazaar/2.5.1/libexec/bzrlib/plugins
0.056  looking for plugins in /Library/Frameworks/EPD64.framework/Versions/7.3/lib/python2.7/site-packages/bzrlib/plugins
0.057  encoding stdout as sys.stdout encoding 'UTF-8'
[22508] 2013-02-18 11:23:41.817 WARNING: Not checking SSL certificate for xmlrpc.launchpad.net
[22508] 2013-02-18 11:23:42.135 WARNING: You have not informed bzr of your Launchpad ID, and you must do this to
write to Launchpad or access private data.  See "bzr help launchpad-login".
2.330  creating repository in file:///Users/maksim/tmp/dolfin/.bzr/.
2.392  Using fetch logic to copy between CHKInventoryRepository('http://bazaar.launchpad.net/~dolfin-core/dolfin/trunk/.bzr/repository/', fallback_repositories=[CHKInventoryRepository('http://bazaar.launchpad.net/%2Bbranch-id/544555/.bzr/repository/', fallback_repositories=[CHKInventoryRepository('http://bazaar.launchpad.net/%2Bbranch-id/347160/.bzr/repository/')])])(RepositoryFormat2a()) and CHKInventoryRepository('file:///Users/maksim/tmp/dolfin/.bzr/repository/')(RepositoryFormat2a())
2.392  fetching: <PendingAncestryResult heads:frozenset(['hake.dev@gmail.com-20130217220757-v4pidtwe5y84sqi8']) repo:CHKInventoryRepository('http://bazaar.launchpad.net/~dolfin-core/dolfin/trunk/.bzr/repository/', fallback_repositories=[CHKInventoryRepository('http://bazaar.launchpad.net/%2Bbranch-id/544555/.bzr/repository/', fallback_repositories=[CHKInventoryRepository('http://bazaar.launchpad.net/%2Bbranch-id/347160/.bzr/repository/')])])>
45.499  23 bytes left on the HTTP socket
56.581  23 bytes left on the HTTP socket
56.720  23 bytes left on the HTTP socket
56.853  23 bytes left on the HTTP socket
56.987  23 bytes left on the HTTP socket
57.122  23 bytes left on the HTTP socket
57.419  23 bytes left on the HTTP socket
57.540  23 bytes left on the HTTP socket
57.668  23 bytes left on the HTTP socket
57.788  23 bytes left on the HTTP socket
57.909  23 bytes left on the HTTP socket
58.031  23 bytes left on the HTTP socket
58.159  23 bytes left on the HTTP socket
58.279  23 bytes left on the HTTP socket
58.398  23 bytes left on the HTTP socket
58.519  23 bytes left on the HTTP socket
58.661  23 bytes left on the HTTP socket
58.788  23 bytes left on the HTTP socket
59.010  23 bytes left on the HTTP socket
59.141  23 bytes left on the HTTP socket
59.270  23 bytes left on the HTTP socket
59.401  23 bytes left on the HTTP socket
59.529  23 bytes left on the HTTP socket
59.658  23 bytes left on the HTTP socket
59.776  23 bytes left on the HTTP socket
59.900  23 bytes left on the HTTP socket
60.018  23 bytes left on the HTTP socket
60.237  23 bytes left on the HTTP socket
60.311  23 bytes left on the HTTP socket
60.384  23 bytes left on the HTTP socket
60.453  23 bytes left on the HTTP socket
60.524  23 bytes left on the HTTP socket
60.593  23 bytes left on the HTTP socket
60.664  23 bytes left on the HTTP socket
60.734  23 bytes left on the HTTP socket
60.804  23 bytes left on the HTTP socket
60.941  23 bytes left on the HTTP socket
61.013  23 bytes left on the HTTP socket
61.082  23 bytes left on the HTTP socket
61.157  23 bytes left on the HTTP socket
61.304  23 bytes left on the HTTP socket
61.377  23 bytes left on the HTTP socket
61.568  23 bytes left on the HTTP socket
61.640  23 bytes left on the HTTP socket
61.788  23 bytes left on the HTTP socket
61.861  23 bytes left on the HTTP socket
61.931  23 bytes left on the HTTP socket
62.002  23 bytes left on the HTTP socket
62.074  23 bytes left on the HTTP socket
62.147  23 bytes left on the HTTP socket
62.219  23 bytes left on the HTTP socket
62.756  23 bytes left on the HTTP socket
62.880  23 bytes left on the HTTP socket
63.008  23 bytes left on the HTTP socket
63.143  23 bytes left on the HTTP socket
63.387  23 bytes left on the HTTP socket
63.463  23 bytes left on the HTTP socket
63.537  23 bytes left on the HTTP socket
63.610  23 bytes left on the HTTP socket
63.683  23 bytes left on the HTTP socket
63.758  23 bytes left on the HTTP socket
63.833  23 bytes left on the HTTP socket
63.967  23 bytes left on the HTTP socket
64.038  23 bytes left on the HTTP socket
64.111  23 bytes left on the HTTP socket
64.182  23 bytes left on the HTTP socket
64.253  23 bytes left on the HTTP socket
64.789  23 bytes left on the HTTP socket
64.915  23 bytes left on the HTTP socket
65.034  23 bytes left on the HTTP socket
65.159  23 bytes left on the HTTP socket
65.290  23 bytes left on the HTTP socket
65.795  23 bytes left on the HTTP socket
65.976  23 bytes left on the HTTP socket
66.100  23 bytes left on the HTTP socket
66.230  23 bytes left on the HTTP socket
66.359  23 bytes left on the HTTP socket
66.478  23 bytes left on the HTTP socket
66.608  23 bytes left on the HTTP socket
66.738  23 bytes left on the HTTP socket
66.856  23 bytes left on the HTTP socket
67.099  23 bytes left on the HTTP socket
67.173  23 bytes left on the HTTP socket
67.248  23 bytes left on the HTTP socket
67.322  23 bytes left on the HTTP socket
67.396  23 bytes left on the HTTP socket
67.473  23 bytes left on the HTTP socket
67.556  23 bytes left on the HTTP socket
67.639  23 bytes left on the HTTP socket
67.722  23 bytes left on the HTTP socket
68.285  23 bytes left on the HTTP socket
69.920  23 bytes left on the HTTP socket
71.898  23 bytes left on the HTTP socket
73.676  23 bytes left on the HTTP socket
75.458  23 bytes left on the HTTP socket
75.852  23 bytes left on the HTTP socket
88.523  23 bytes left on the HTTP socket
88.896  23 bytes left on the HTTP socket
89.148  23 bytes left on the HTTP socket
90.284  23 bytes left on the HTTP socket
90.654  23 bytes left on the HTTP socket
91.956  23 bytes left on the HTTP socket
92.327  23 bytes left on the HTTP socket
92.624  23 bytes left on the HTTP socket
96.434  23 bytes left on the HTTP socket
96.699  23 bytes left on the HTTP socket
96.889  23 bytes left on the HTTP socket
97.028  23 bytes left on the HTTP socket
98.489  23 bytes left on the HTTP socket
100.432  23 bytes left on the HTTP socket
102.382  23 bytes left on the HTTP socket
104.328  23 bytes left on the HTTP socket
106.306  23 bytes left on the HTTP socket
107.268  23 bytes left on the HTTP socket
108.145  23 bytes left on the HTTP socket
110.401  23 bytes left on the HTTP socket
115.091  23 bytes left on the HTTP socket
129.168  23 bytes left on the HTTP socket
129.620  22 bytes left on the HTTP socket
129.737  23 bytes left on the HTTP socket
129.863  23 bytes left on the HTTP socket
129.989  23 bytes left on the HTTP socket
130.282  23 bytes left on the HTTP socket
130.530  23 bytes left on the HTTP socket
130.606  22 bytes left on the HTTP socket
130.797  22 bytes left on the HTTP socket
130.871  22 bytes left on the HTTP socket
130.945  23 bytes left on the HTTP socket
131.013  23 bytes left on the HTTP socket
131.188  22 bytes left on the HTTP socket
131.370  23 bytes left on the HTTP socket
131.817  23 bytes left on the HTTP socket
132.192  23 bytes left on the HTTP socket
132.872  22 bytes left on the HTTP socket
133.405  23 bytes left on the HTTP socket
133.744  22 bytes left on the HTTP socket
134.411  23 bytes left on the HTTP socket
134.542  22 bytes left on the HTTP socket
135.163  22 bytes left on the HTTP socket
135.307  22 bytes left on the HTTP socket
135.448  23 bytes left on the HTTP socket
135.585  22 bytes left on the HTTP socket
135.725  23 bytes left on the HTTP socket
135.872  23 bytes left on the HTTP socket
136.011  22 bytes left on the HTTP socket
136.157  22 bytes left on the HTTP socket
136.819  22 bytes left on the HTTP socket
137.940  22 bytes left on the HTTP socket
139.205  23 bytes left on the HTTP socket
139.619  23 bytes left on the HTTP socket
140.693  23 bytes left on the HTTP socket
141.304  23 bytes left on the HTTP socket
141.751  22 bytes left on the HTTP socket
142.232  23 bytes left on the HTTP socket
144.520  23 bytes left on the HTTP socket
145.530  23 bytes left on the HTTP socket
145.822  23 bytes left on the HTTP socket
146.299  22 bytes left on the HTTP socket
146.872  22 bytes left on the HTTP socket
147.501  23 bytes left on the HTTP socket
147.968  23 bytes left on the HTTP socket
148.484  23 bytes left on the HTTP socket
149.785  23 bytes left on the HTTP socket
151.352  23 bytes left on the HTTP socket
151.996  23 bytes left on the HTTP socket
152.763  23 bytes left on the HTTP socket
153.333  23 bytes left on the HTTP socket
154.937  23 bytes left on the HTTP socket
156.151  23 bytes left on the HTTP socket
156.636  23 bytes left on the HTTP socket
156.958  23 bytes left on the HTTP socket
157.965  23 bytes left on the HTTP socket
158.273  23 bytes left on the HTTP socket
159.195  23 bytes left on the HTTP socket
160.128  23 bytes left on the HTTP socket
161.454  23 bytes left on the HTTP socket
162.337  23 bytes left on the HTTP socket
164.137  23 bytes left on the HTTP socket
164.879  23 bytes left on the HTTP socket
166.362  23 bytes left on the HTTP socket
166.870  23 bytes left on the HTTP socket
168.587  23 bytes left on the HTTP socket
169.549  23 bytes left on the HTTP socket
170.242  23 bytes left on the HTTP socket
170.546  23 bytes left on the HTTP socket
171.077  23 bytes left on the HTTP socket
171.408  23 bytes left on the HTTP socket
172.085  23 bytes left on the HTTP socket
174.833  23 bytes left on the HTTP socket
176.317  23 bytes left on the HTTP socket
177.428  23 bytes left on the HTTP socket
178.268  23 bytes left on the HTTP socket
178.935  23 bytes left on the HTTP socket
179.576  23 bytes left on the HTTP socket
179.914  23 bytes left on the HTTP socket
180.671  23 bytes left on the HTTP socket
180.921  23 bytes left on the HTTP socket
181.167  23 bytes left on the HTTP socket
181.396  23 bytes left on the HTTP socket
181.882  23 bytes left on the HTTP socket
182.076  23 bytes left on the HTTP socket
182.343  23 bytes left on the HTTP socket
182.527  23 bytes left on the HTTP socket
182.769  23 bytes left on the HTTP socket
183.359  23 bytes left on the HTTP socket
184.010  23 bytes left on the HTTP socket
184.735  23 bytes left on the HTTP socket
185.107  23 bytes left on the HTTP socket
186.581  23 bytes left on the HTTP socket
186.830  23 bytes left on the HTTP socket
187.018  23 bytes left on the HTTP socket
187.212  23 bytes left on the HTTP socket
187.509  23 bytes left on the HTTP socket
187.782  23 bytes left on the HTTP socket
187.987  23 bytes left on the HTTP socket
188.115  23 bytes left on the HTTP socket
188.247  23 bytes left on the HTTP socket
188.447  23 bytes left on the HTTP socket
188.604  23 bytes left on the HTTP socket
189.859  23 bytes left on the HTTP socket
190.480  23 bytes left on the HTTP socket
191.200  23 bytes left on the HTTP socket
191.616  23 bytes left on the HTTP socket
193.003  23 bytes left on the HTTP socket
193.649  23 bytes left on the HTTP socket
194.695  23 bytes left on the HTTP socket
195.255  23 bytes left on the HTTP socket
195.667  23 bytes left on the HTTP socket
195.945  23 bytes left on the HTTP socket
196.552  23 bytes left on the HTTP socket
197.719  23 bytes left on the HTTP socket
198.990  23 bytes left on the HTTP socket
200.609  23 bytes left on the HTTP socket
201.631  23 bytes left on the HTTP socket
202.036  23 bytes left on the HTTP socket
202.385  23 bytes left on the HTTP socket
202.690  23 bytes left on the HTTP socket
202.934  23 bytes left on the HTTP socket
203.196  23 bytes left on the HTTP socket
203.443  23 bytes left on the HTTP socket
204.153  23 bytes left on the HTTP socket
204.724  23 bytes left on the HTTP socket
205.230  23 bytes left on the HTTP socket
206.072  23 bytes left on the HTTP socket
206.588  23 bytes left on the HTTP socket
206.787  23 bytes left on the HTTP socket
208.053  23 bytes left on the HTTP socket
209.489  23 bytes left on the HTTP socket
209.637  23 bytes left on the HTTP socket
209.844  23 bytes left on the HTTP socket
210.307  23 bytes left on the HTTP socket
211.490  23 bytes left on the HTTP socket
211.810  23 bytes left on the HTTP socket
212.414  23 bytes left on the HTTP socket
212.657  23 bytes left on the HTTP socket
213.275  23 bytes left on the HTTP socket
213.842  23 bytes left on the HTTP socket
214.400  23 bytes left on the HTTP socket
215.617  23 bytes left on the HTTP socket
216.915  23 bytes left on the HTTP socket
217.050  23 bytes left on the HTTP socket
217.309  23 bytes left on the HTTP socket
217.877  23 bytes left on the HTTP socket
218.019  23 bytes left on the HTTP socket
218.274  23 bytes left on the HTTP socket
218.796  23 bytes left on the HTTP socket
219.016  23 bytes left on the HTTP socket
219.209  23 bytes left on the HTTP socket
219.473  23 bytes left on the HTTP socket
219.618  23 bytes left on the HTTP socket
220.072  23 bytes left on the HTTP socket
221.592  23 bytes left on the HTTP socket
221.962  23 bytes left on the HTTP socket
223.033  23 bytes left on the HTTP socket
223.288  23 bytes left on the HTTP socket
223.838  23 bytes left on the HTTP socket
224.289  23 bytes left on the HTTP socket
224.884  23 bytes left on the HTTP socket
225.454  23 bytes left on the HTTP socket
225.635  23 bytes left on the HTTP socket
226.983  23 bytes left on the HTTP socket
227.386  23 bytes left on the HTTP socket
228.673  23 bytes left on the HTTP socket
228.833  23 bytes left on the HTTP socket
229.133  23 bytes left on the HTTP socket
229.814  23 bytes left on the HTTP socket
229.974  23 bytes left on the HTTP socket
230.537  23 bytes left on the HTTP socket
231.404  23 bytes left on the HTTP socket
232.403  23 bytes left on the HTTP socket
232.538  23 bytes left on the HTTP socket
232.742  23 bytes left on the HTTP socket
233.318  23 bytes left on the HTTP socket
233.460  23 bytes left on the HTTP socket
233.643  23 bytes left on the HTTP socket
234.260  23 bytes left on the HTTP socket
235.115  23 bytes left on the HTTP socket
235.255  23 bytes left on the HTTP socket
235.456  23 bytes left on the HTTP socket
235.970  23 bytes left on the HTTP socket
236.127  23 bytes left on the HTTP socket
236.364  23 bytes left on the HTTP socket
237.006  23 bytes left on the HTTP socket
237.798  23 bytes left on the HTTP socket
237.926  23 bytes left on the HTTP socket
238.124  23 bytes left on the HTTP socket
238.642  23 bytes left on the HTTP socket
238.790  23 bytes left on the HTTP socket
238.940  23 bytes left on the HTTP socket
239.130  23 bytes left on the HTTP socket
239.277  23 bytes left on the HTTP socket
239.428  23 bytes left on the HTTP socket
240.202  23 bytes left on the HTTP socket
240.417  23 bytes left on the HTTP socket
241.146  23 bytes left on the HTTP socket
241.406  23 bytes left on the HTTP socket
241.628  23 bytes left on the HTTP socket
242.436  23 bytes left on the HTTP socket
243.250  23 bytes left on the HTTP socket
243.321  23 bytes left on the HTTP socket
243.409  23 bytes left on the HTTP socket
244.152  23 bytes left on the HTTP socket
244.299  23 bytes left on the HTTP socket
245.039  23 bytes left on the HTTP socket
245.192  23 bytes left on the HTTP socket
245.428  23 bytes left on the HTTP socket
247.519  23 bytes left on the HTTP socket
248.429  23 bytes left on the HTTP socket
249.283  23 bytes left on the HTTP socket
249.966  23 bytes left on the HTTP socket
251.938  23 bytes left on the HTTP socket
253.195  23 bytes left on the HTTP socket
253.334  23 bytes left on the HTTP socket
253.641  23 bytes left on the HTTP socket
254.429  23 bytes left on the HTTP socket
255.813  23 bytes left on the HTTP socket
257.146  23 bytes left on the HTTP socket
257.285  23 bytes left on the HTTP socket
257.494  23 bytes left on the HTTP socket
258.393  23 bytes left on the HTTP socket
259.477  23 bytes left on the HTTP socket
259.611  23 bytes left on the HTTP socket
259.822  23 bytes left on the HTTP socket
260.386  23 bytes left on the HTTP socket
261.192  23 bytes left on the HTTP socket
261.881  23 bytes left on the HTTP socket
262.317  23 bytes left on the HTTP socket
262.802  23 bytes left on the HTTP socket
262.882  23 bytes left on the HTTP socket
263.065  23 bytes left on the HTTP socket
264.399  23 bytes left on the HTTP socket
265.761  23 bytes left on the HTTP socket
267.403  23 bytes left on the HTTP socket
268.433  23 bytes left on the HTTP socket
269.711  23 bytes left on the HTTP socket
269.842  23 bytes left on the HTTP socket
270.149  23 bytes left on the HTTP socket
270.925  23 bytes left on the HTTP socket
272.299  23 bytes left on the HTTP socket
273.609  23 bytes left on the HTTP socket
273.878  23 bytes left on the HTTP socket
274.780  23 bytes left on the HTTP socket
275.958  23 bytes left on the HTTP socket
276.040  23 bytes left on the HTTP socket
276.878  23 bytes left on the HTTP socket
277.882  23 bytes left on the HTTP socket
279.872  23 bytes left on the HTTP socket
281.745  23 bytes left on the HTTP socket
282.700  23 bytes left on the HTTP socket
284.461  23 bytes left on the HTTP socket
286.093  23 bytes left on the HTTP socket
286.222  24 bytes left on the HTTP socket
286.589  23 bytes left on the HTTP socket
287.956  24 bytes left on the HTTP socket
290.528  24 bytes left on the HTTP socket
293.707  24 bytes left on the HTTP socket
295.131  24 bytes left on the HTTP socket
296.567  24 bytes left on the HTTP socket
296.704  24 bytes left on the HTTP socket
297.002  24 bytes left on the HTTP socket
297.672  24 bytes left on the HTTP socket
298.567  24 bytes left on the HTTP socket
299.319  24 bytes left on the HTTP socket
299.733  24 bytes left on the HTTP socket
300.291  24 bytes left on the HTTP socket
300.377  24 bytes left on the HTTP socket
300.603  24 bytes left on the HTTP socket
301.875  24 bytes left on the HTTP socket
302.601  24 bytes left on the HTTP socket
303.236  24 bytes left on the HTTP socket
303.701  24 bytes left on the HTTP socket
304.301  24 bytes left on the HTTP socket
304.808  24 bytes left on the HTTP socket
305.278  24 bytes left on the HTTP socket
305.912  24 bytes left on the HTTP socket
306.059  24 bytes left on the HTTP socket
306.794  24 bytes left on the HTTP socket
307.492  24 bytes left on the HTTP socket
307.642  24 bytes left on the HTTP socket
308.074  24 bytes left on the HTTP socket
308.662  24 bytes left on the HTTP socket
308.744  24 bytes left on the HTTP socket
308.899  24 bytes left on the HTTP socket
309.279  24 bytes left on the HTTP socket
309.899  24 bytes left on the HTTP socket
310.044  24 bytes left on the HTTP socket
310.459  24 bytes left on the HTTP socket
311.097  24 bytes left on the HTTP socket
311.226  24 bytes left on the HTTP socket
311.437  24 bytes left on the HTTP socket
312.007  24 bytes left on the HTTP socket
312.967  24 bytes left on the HTTP socket
313.119  24 bytes left on the HTTP socket
313.739  24 bytes left on the HTTP socket
314.606  24 bytes left on the HTTP socket
314.734  24 bytes left on the HTTP socket
314.939  24 bytes left on the HTTP socket
315.498  24 bytes left on the HTTP socket
316.432  24 bytes left on the HTTP socket
316.587  24 bytes left on the HTTP socket
317.200  24 bytes left on the HTTP socket
318.031  24 bytes left on the HTTP socket
318.111  24 bytes left on the HTTP socket
318.311  24 bytes left on the HTTP socket
319.086  24 bytes left on the HTTP socket
319.847  24 bytes left on the HTTP socket
320.310  24 bytes left on the HTTP socket
320.903  24 bytes left on the HTTP socket
320.983  24 bytes left on the HTTP socket
321.127  24 bytes left on the HTTP socket
321.708  24 bytes left on the HTTP socket
322.360  24 bytes left on the HTTP socket
323.003  24 bytes left on the HTTP socket
324.838  24 bytes left on the HTTP socket
326.108  24 bytes left on the HTTP socket
326.241  24 bytes left on the HTTP socket
326.551  24 bytes left on the HTTP socket
327.333  24 bytes left on the HTTP socket
328.659  23 bytes left on the HTTP socket
329.636  24 bytes left on the HTTP socket
330.278  23 bytes left on the HTTP socket
330.985  24 bytes left on the HTTP socket
331.066  24 bytes left on the HTTP socket
331.247  24 bytes left on the HTTP socket
331.629  24 bytes left on the HTTP socket
332.258  24 bytes left on the HTTP socket
332.989  24 bytes left on the HTTP socket
336.179  24 bytes left on the HTTP socket
336.882  24 bytes left on the HTTP socket
337.034  24 bytes left on the HTTP socket
337.888  24 bytes left on the HTTP socket
338.551  24 bytes left on the HTTP socket
339.434  24 bytes left on the HTTP socket
340.389  24 bytes left on the HTTP socket
340.692  24 bytes left on the HTTP socket
341.374  24 bytes left on the HTTP socket
342.099  24 bytes left on the HTTP socket
342.191  24 bytes left on the HTTP socket
342.385  24 bytes left on the HTTP socket
342.834  24 bytes left on the HTTP socket
343.597  24 bytes left on the HTTP socket
344.701  24 bytes left on the HTTP socket
345.096  24 bytes left on the HTTP socket
346.771  24 bytes left on the HTTP socket
348.086  24 bytes left on the HTTP socket
348.268  24 bytes left on the HTTP socket
348.589  24 bytes left on the HTTP socket
349.405  24 bytes left on the HTTP socket
350.786  24 bytes left on the HTTP socket
352.744  24 bytes left on the HTTP socket
353.091  24 bytes left on the HTTP socket
353.341  24 bytes left on the HTTP socket
354.403  24 bytes left on the HTTP socket
355.681  24 bytes left on the HTTP socket
355.819  24 bytes left on the HTTP socket
356.109  24 bytes left on the HTTP socket
357.608  24 bytes left on the HTTP socket
359.389  24 bytes left on the HTTP socket
360.993  24 bytes left on the HTTP socket
361.903  24 bytes left on the HTTP socket
362.915  24 bytes left on the HTTP socket
364.905  24 bytes left on the HTTP socket
365.041  24 bytes left on the HTTP socket
365.411  24 bytes left on the HTTP socket
366.444  24 bytes left on the HTTP socket
368.231  24 bytes left on the HTTP socket
369.970  24 bytes left on the HTTP socket
370.893  24 bytes left on the HTTP socket
372.194  24 bytes left on the HTTP socket
372.351  24 bytes left on the HTTP socket
372.665  24 bytes left on the HTTP socket
373.470  24 bytes left on the HTTP socket
374.820  24 bytes left on the HTTP socket
376.084  24 bytes left on the HTTP socket
377.179  24 bytes left on the HTTP socket
378.952  24 bytes left on the HTTP socket
381.370  24 bytes left on the HTTP socket
383.982  24 bytes left on the HTTP socket
384.353  22 bytes left on the HTTP socket
385.231  24 bytes left on the HTTP socket
386.539  24 bytes left on the HTTP socket
387.689  24 bytes left on the HTTP socket
388.542  24 bytes left on the HTTP socket
389.460  23 bytes left on the HTTP socket
390.620  23 bytes left on the HTTP socket
390.832  23 bytes left on the HTTP socket
391.361  24 bytes left on the HTTP socket
394.559  23 bytes left on the HTTP socket
396.433  23 bytes left on the HTTP socket
398.656  23 bytes left on the HTTP socket
400.149  23 bytes left on the HTTP socket
401.933  23 bytes left on the HTTP socket
402.260  23 bytes left on the HTTP socket
403.101  23 bytes left on the HTTP socket
404.526  23 bytes left on the HTTP socket
405.931  23 bytes left on the HTTP socket
406.283  23 bytes left on the HTTP socket
408.344  23 bytes left on the HTTP socket
409.633  23 bytes left on the HTTP socket
411.840  23 bytes left on the HTTP socket
412.177  23 bytes left on the HTTP socket
412.983  22 bytes left on the HTTP socket
414.369  23 bytes left on the HTTP socket
415.491  22 bytes left on the HTTP socket
416.480  23 bytes left on the HTTP socket
416.884  23 bytes left on the HTTP socket
418.028  23 bytes left on the HTTP socket
418.682  22 bytes left on the HTTP socket
419.880  23 bytes left on the HTTP socket
420.849  22 bytes left on the HTTP socket
421.858  23 bytes left on the HTTP socket
422.176  22 bytes left on the HTTP socket
423.977  23 bytes left on the HTTP socket
424.917  23 bytes left on the HTTP socket
427.539  23 bytes left on the HTTP socket
429.296  23 bytes left on the HTTP socket
431.653  23 bytes left on the HTTP socket
433.568  23 bytes left on the HTTP socket
434.615  23 bytes left on the HTTP socket
436.738  22 bytes left on the HTTP socket
437.535  22 bytes left on the HTTP socket
442.101  22 bytes left on the HTTP socket
443.552  23 bytes left on the HTTP socket
445.419  23 bytes left on the HTTP socket
449.516  23 bytes left on the HTTP socket
452.067  23 bytes left on the HTTP socket
453.076  23 bytes left on the HTTP socket
455.292  23 bytes left on the HTTP socket
457.834  23 bytes left on the HTTP socket
459.175  23 bytes left on the HTTP socket
460.904  22 bytes left on the HTTP socket
464.031  23 bytes left on the HTTP socket
467.489  22 bytes left on the HTTP socket
469.723  Adding the key (<bzrlib.btree_index.BTreeGraphIndex object at 0x102fb9910>, 79024616, 6609464) to an LRUSizeCache failed. value 42323794 is too big to fit in a the cache with size 41943040 52428800
469.764  23 bytes left on the HTTP socket
470.272  23 bytes left on the HTTP socket
470.404  23 bytes left on the HTTP socket
470.835  23 bytes left on the HTTP socket
471.435  22 bytes left on the HTTP socket
472.709  23 bytes left on the HTTP socket
473.072  23 bytes left on the HTTP socket
473.406  23 bytes left on the HTTP socket
473.589  23 bytes left on the HTTP socket
473.795  22 bytes left on the HTTP socket
473.925  23 bytes left on the HTTP socket
474.157  22 bytes left on the HTTP socket
474.693  22 bytes left on the HTTP socket
474.821  22 bytes left on the HTTP socket
474.954  23 bytes left on the HTTP socket
475.402  23 bytes left on the HTTP socket
476.023  23 bytes left on the HTTP socket
476.443  23 bytes left on the HTTP socket
476.576  23 bytes left on the HTTP socket
477.159  23 bytes left on the HTTP socket
477.952  22 bytes left on the HTTP socket
479.024  23 bytes left on the HTTP socket
479.385  22 bytes left on the HTTP socket
480.511  23 bytes left on the HTTP socket
481.694  23 bytes left on the HTTP socket
482.039  23 bytes left on the HTTP socket
483.019  23 bytes left on the HTTP socket
483.690  22 bytes left on the HTTP socket
484.286  23 bytes left on the HTTP socket
485.119  23 bytes left on the HTTP socket
487.089  23 bytes left on the HTTP socket
488.628  23 bytes left on the HTTP socket
489.151  23 bytes left on the HTTP socket
489.546  23 bytes left on the HTTP socket
489.896  23 bytes left on the HTTP socket
490.917  22 bytes left on the HTTP socket
491.514  23 bytes left on the HTTP socket
492.292  23 bytes left on the HTTP socket
492.565  23 bytes left on the HTTP socket
492.859  23 bytes left on the HTTP socket
493.274  22 bytes left on the HTTP socket
493.626  22 bytes left on the HTTP socket
493.785  23 bytes left on the HTTP socket
495.622  23 bytes left on the HTTP socket
496.470  23 bytes left on the HTTP socket
496.972  23 bytes left on the HTTP socket
497.412  23 bytes left on the HTTP socket
497.780  23 bytes left on the HTTP socket
498.287  23 bytes left on the HTTP socket
499.629  22 bytes left on the HTTP socket
501.621  23 bytes left on the HTTP socket
503.575  23 bytes left on the HTTP socket
504.555  23 bytes left on the HTTP socket
504.925  23 bytes left on the HTTP socket
507.152  23 bytes left on the HTTP socket
509.436  23 bytes left on the HTTP socket
510.171  23 bytes left on the HTTP socket
525.800  creating branch <bzrlib.branch.BzrBranchFormat7 object at 0x104b03ed0> in file:///Users/maksim/tmp/dolfin/
526.050  created new branch BzrBranch7(file:///Users/maksim/tmp/dolfin/)
526.053  trying to create missing lock '/Users/maksim/tmp/dolfin/.bzr/checkout/dirstate'
526.054  opening working tree '/Users/maksim/tmp/dolfin'
[22508] 2013-02-18 11:32:29.299 INFO: Branched 7436 revisions.
527.620  Transferred: 639740kB (1214.5kB/s r:639312kB w:428kB)
527.620  return code 0

пн 2013-02-18 11:43:32 +0400
0.100  bazaar version: 2.5.1
0.100  bzr arguments: [u'branch', u'lp:ufc']
0.106  looking for plugins in /Users/maksim/.bazaar/plugins
0.106  looking for plugins in /usr/local/Cellar/bazaar/2.5.1/libexec/bzrlib/plugins
0.134  looking for plugins in /Library/Frameworks/EPD64.framework/Versions/7.3/lib/python2.7/site-packages/bzrlib/plugins
0.135  encoding stdout as sys.stdout encoding 'UTF-8'
[23669] 2013-02-18 11:43:32.864 WARNING: Not checking SSL certificate for xmlrpc.launchpad.net
[23669] 2013-02-18 11:43:33.167 WARNING: You have not informed bzr of your Launchpad ID, and you must do this to
write to Launchpad or access private data.  See "bzr help launchpad-login".
1.565  creating repository in file:///Users/maksim/tmp/ufc/.bzr/.
1.626  Using fetch logic to copy between CHKInventoryRepository('http://bazaar.launchpad.net/~ufc-core/ufc/main/.bzr/repository/')(RepositoryFormat2a()) and CHKInventoryRepository('file:///Users/maksim/tmp/ufc/.bzr/repository/')(RepositoryFormat2a())
1.626  fetching: <PendingAncestryResult heads:frozenset(['martinal@simula.no-20130206150825-aota1hbvjlueeykl']) repo:CHKInventoryRepository('http://bazaar.launchpad.net/~ufc-core/ufc/main/.bzr/repository/')>
8.592  23 bytes left on the HTTP socket
11.127  23 bytes left on the HTTP socket
11.623  23 bytes left on the HTTP socket
14.961  23 bytes left on the HTTP socket
17.262  22 bytes left on the HTTP socket
17.987  22 bytes left on the HTTP socket
18.307  creating branch <bzrlib.branch.BzrBranchFormat7 object at 0x1037a8390> in file:///Users/maksim/tmp/ufc/
18.555  created new branch BzrBranch7(file:///Users/maksim/tmp/ufc/)
18.558  trying to create missing lock '/Users/maksim/tmp/ufc/.bzr/checkout/dirstate'
18.559  opening working tree '/Users/maksim/tmp/ufc'
[23669] 2013-02-18 11:43:51.179 INFO: Branched 389 revisions.
18.670  Transferred: 14436kB (805.9kB/s r:14406kB w:29kB)
18.670  return code 0

пн 2013-02-18 14:26:15 +0400
0.080  bazaar version: 2.5.1
0.080  bzr arguments: [u'branch', u'lp:dolfin']
0.085  looking for plugins in /Users/maksim/.bazaar/plugins
0.085  looking for plugins in /usr/local/Cellar/bazaar/2.5.1/libexec/bzrlib/plugins
0.109  looking for plugins in /Library/Frameworks/EPD64.framework/Versions/7.3/lib/python2.7/site-packages/bzrlib/plugins
0.110  encoding stdout as sys.stdout encoding 'UTF-8'
[77819] 2013-02-18 14:26:15.304 WARNING: Not checking SSL certificate for xmlrpc.launchpad.net
[77819] 2013-02-18 14:26:15.669 WARNING: You have not informed bzr of your Launchpad ID, and you must do this to
write to Launchpad or access private data.  See "bzr help launchpad-login".
2.326  creating repository in file:///Users/maksim/tmp/dolfin/.bzr/.
2.390  Using fetch logic to copy between CHKInventoryRepository('http://bazaar.launchpad.net/~dolfin-core/dolfin/trunk/.bzr/repository/', fallback_repositories=[CHKInventoryRepository('http://bazaar.launchpad.net/%2Bbranch-id/544555/.bzr/repository/', fallback_repositories=[CHKInventoryRepository('http://bazaar.launchpad.net/%2Bbranch-id/347160/.bzr/repository/')])])(RepositoryFormat2a()) and CHKInventoryRepository('file:///Users/maksim/tmp/dolfin/.bzr/repository/')(RepositoryFormat2a())
2.390  fetching: <PendingAncestryResult heads:frozenset(['hake.dev@gmail.com-20130217220757-v4pidtwe5y84sqi8']) repo:CHKInventoryRepository('http://bazaar.launchpad.net/~dolfin-core/dolfin/trunk/.bzr/repository/', fallback_repositories=[CHKInventoryRepository('http://bazaar.launchpad.net/%2Bbranch-id/544555/.bzr/repository/', fallback_repositories=[CHKInventoryRepository('http://bazaar.launchpad.net/%2Bbranch-id/347160/.bzr/repository/')])])>
46.207  23 bytes left on the HTTP socket
58.210  23 bytes left on the HTTP socket
58.403  23 bytes left on the HTTP socket
58.588  23 bytes left on the HTTP socket
58.711  23 bytes left on the HTTP socket
58.840  23 bytes left on the HTTP socket
59.125  23 bytes left on the HTTP socket
59.257  23 bytes left on the HTTP socket
59.380  23 bytes left on the HTTP socket
59.516  23 bytes left on the HTTP socket
59.639  23 bytes left on the HTTP socket
59.759  23 bytes left on the HTTP socket
59.877  23 bytes left on the HTTP socket
60.000  23 bytes left on the HTTP socket
60.118  23 bytes left on the HTTP socket
60.256  23 bytes left on the HTTP socket
60.375  23 bytes left on the HTTP socket
60.493  23 bytes left on the HTTP socket
60.718  23 bytes left on the HTTP socket
60.835  23 bytes left on the HTTP socket
60.975  23 bytes left on the HTTP socket
61.092  23 bytes left on the HTTP socket
61.209  23 bytes left on the HTTP socket
61.328  23 bytes left on the HTTP socket
61.444  23 bytes left on the HTTP socket
61.576  23 bytes left on the HTTP socket
61.695  23 bytes left on the HTTP socket
61.926  23 bytes left on the HTTP socket
62.055  23 bytes left on the HTTP socket
62.176  23 bytes left on the HTTP socket
62.294  23 bytes left on the HTTP socket
62.416  23 bytes left on the HTTP socket
62.536  23 bytes left on the HTTP socket
62.656  23 bytes left on the HTTP socket
62.771  23 bytes left on the HTTP socket
62.899  23 bytes left on the HTTP socket
63.083  23 bytes left on the HTTP socket
63.200  23 bytes left on the HTTP socket
63.281  23 bytes left on the HTTP socket
63.404  23 bytes left on the HTTP socket
63.603  23 bytes left on the HTTP socket
63.725  23 bytes left on the HTTP socket
63.978  23 bytes left on the HTTP socket
64.107  23 bytes left on the HTTP socket
64.289  23 bytes left on the HTTP socket
64.359  23 bytes left on the HTTP socket
64.435  23 bytes left on the HTTP socket
64.507  23 bytes left on the HTTP socket
64.625  23 bytes left on the HTTP socket
64.746  23 bytes left on the HTTP socket
64.825  23 bytes left on the HTTP socket
65.358  23 bytes left on the HTTP socket
65.485  23 bytes left on the HTTP socket
65.606  23 bytes left on the HTTP socket
65.741  23 bytes left on the HTTP socket
65.966  23 bytes left on the HTTP socket
66.104  23 bytes left on the HTTP socket
66.228  23 bytes left on the HTTP socket
66.354  23 bytes left on the HTTP socket
66.474  23 bytes left on the HTTP socket
66.610  23 bytes left on the HTTP socket
66.729  23 bytes left on the HTTP socket
66.923  23 bytes left on the HTTP socket
67.042  23 bytes left on the HTTP socket
67.163  23 bytes left on the HTTP socket
67.297  23 bytes left on the HTTP socket
67.422  23 bytes left on the HTTP socket
67.958  23 bytes left on the HTTP socket
68.094  23 bytes left on the HTTP socket
68.219  23 bytes left on the HTTP socket
68.364  23 bytes left on the HTTP socket
68.553  23 bytes left on the HTTP socket
68.673  23 bytes left on the HTTP socket
68.800  23 bytes left on the HTTP socket
68.945  23 bytes left on the HTTP socket
69.066  23 bytes left on the HTTP socket
69.192  23 bytes left on the HTTP socket
69.310  23 bytes left on the HTTP socket
69.434  23 bytes left on the HTTP socket
69.566  23 bytes left on the HTTP socket
69.687  23 bytes left on the HTTP socket
69.975  23 bytes left on the HTTP socket
70.044  23 bytes left on the HTTP socket
70.549  23 bytes left on the HTTP socket
70.728  23 bytes left on the HTTP socket
70.909  23 bytes left on the HTTP socket
71.046  23 bytes left on the HTTP socket
71.173  23 bytes left on the HTTP socket
71.295  23 bytes left on the HTTP socket
71.419  23 bytes left on the HTTP socket
72.018  23 bytes left on the HTTP socket
76.293  23 bytes left on the HTTP socket
78.737  23 bytes left on the HTTP socket
80.619  23 bytes left on the HTTP socket
82.635  23 bytes left on the HTTP socket
82.992  23 bytes left on the HTTP socket
95.596  23 bytes left on the HTTP socket
95.973  23 bytes left on the HTTP socket
96.276  23 bytes left on the HTTP socket
97.436  23 bytes left on the HTTP socket
97.813  23 bytes left on the HTTP socket
99.080  23 bytes left on the HTTP socket
99.454  23 bytes left on the HTTP socket
99.754  23 bytes left on the HTTP socket
103.669  23 bytes left on the HTTP socket
104.102  23 bytes left on the HTTP socket
104.346  23 bytes left on the HTTP socket
104.481  23 bytes left on the HTTP socket
106.027  23 bytes left on the HTTP socket
108.077  23 bytes left on the HTTP socket
110.131  23 bytes left on the HTTP socket
112.120  23 bytes left on the HTTP socket
114.210  23 bytes left on the HTTP socket
115.176  22 bytes left on the HTTP socket
116.002  23 bytes left on the HTTP socket
118.093  23 bytes left on the HTTP socket
122.815  23 bytes left on the HTTP socket
136.930  23 bytes left on the HTTP socket
137.671  23 bytes left on the HTTP socket
137.794  23 bytes left on the HTTP socket
137.927  23 bytes left on the HTTP socket
138.125  23 bytes left on the HTTP socket
138.552  23 bytes left on the HTTP socket
138.863  23 bytes left on the HTTP socket
139.369  23 bytes left on the HTTP socket
139.669  23 bytes left on the HTTP socket
139.797  23 bytes left on the HTTP socket
139.950  23 bytes left on the HTTP socket
140.083  23 bytes left on the HTTP socket
140.316  23 bytes left on the HTTP socket
140.471  23 bytes left on the HTTP socket
140.986  23 bytes left on the HTTP socket
141.417  23 bytes left on the HTTP socket
142.197  23 bytes left on the HTTP socket
143.056  23 bytes left on the HTTP socket
143.416  23 bytes left on the HTTP socket
144.238  23 bytes left on the HTTP socket
144.430  23 bytes left on the HTTP socket
145.337  23 bytes left on the HTTP socket
145.485  23 bytes left on the HTTP socket
145.637  23 bytes left on the HTTP socket
145.785  23 bytes left on the HTTP socket
145.933  23 bytes left on the HTTP socket
146.097  23 bytes left on the HTTP socket
146.246  23 bytes left on the HTTP socket
146.404  23 bytes left on the HTTP socket
147.124  23 bytes left on the HTTP socket
148.356  23 bytes left on the HTTP socket
149.673  23 bytes left on the HTTP socket
150.134  23 bytes left on the HTTP socket
151.277  23 bytes left on the HTTP socket
151.840  23 bytes left on the HTTP socket
152.203  23 bytes left on the HTTP socket
152.639  23 bytes left on the HTTP socket
157.911  23 bytes left on the HTTP socket
158.880  23 bytes left on the HTTP socket
159.177  23 bytes left on the HTTP socket
159.657  23 bytes left on the HTTP socket
160.225  22 bytes left on the HTTP socket
160.862  23 bytes left on the HTTP socket
161.321  23 bytes left on the HTTP socket
161.804  23 bytes left on the HTTP socket
163.081  23 bytes left on the HTTP socket
164.639  23 bytes left on the HTTP socket
164.796  23 bytes left on the HTTP socket
165.460  23 bytes left on the HTTP socket
166.046  23 bytes left on the HTTP socket
167.483  23 bytes left on the HTTP socket
168.788  23 bytes left on the HTTP socket
169.324  23 bytes left on the HTTP socket
170.117  23 bytes left on the HTTP socket
171.397  23 bytes left on the HTTP socket
171.812  23 bytes left on the HTTP socket
172.828  23 bytes left on the HTTP socket
174.107  23 bytes left on the HTTP socket
174.961  23 bytes left on the HTTP socket
175.971  23 bytes left on the HTTP socket
177.725  23 bytes left on the HTTP socket
178.419  23 bytes left on the HTTP socket
179.762  23 bytes left on the HTTP socket
180.276  23 bytes left on the HTTP socket
182.238  23 bytes left on the HTTP socket
183.254  23 bytes left on the HTTP socket
183.948  23 bytes left on the HTTP socket
184.250  23 bytes left on the HTTP socket
184.782  23 bytes left on the HTTP socket
185.109  23 bytes left on the HTTP socket
185.865  23 bytes left on the HTTP socket
188.612  23 bytes left on the HTTP socket
190.073  23 bytes left on the HTTP socket
191.184  23 bytes left on the HTTP socket
191.993  23 bytes left on the HTTP socket
192.642  23 bytes left on the HTTP socket
193.293  23 bytes left on the HTTP socket
193.785  23 bytes left on the HTTP socket
194.491  23 bytes left on the HTTP socket
194.684  23 bytes left on the HTTP socket
194.919  23 bytes left on the HTTP socket
195.146  23 bytes left on the HTTP socket
195.583  23 bytes left on the HTTP socket
195.778  23 bytes left on the HTTP socket
195.996  23 bytes left on the HTTP socket
196.135  23 bytes left on the HTTP socket
196.374  23 bytes left on the HTTP socket
196.900  23 bytes left on the HTTP socket
197.499  23 bytes left on the HTTP socket
198.163  23 bytes left on the HTTP socket
198.523  23 bytes left on the HTTP socket
199.596  23 bytes left on the HTTP socket
199.840  23 bytes left on the HTTP socket
200.022  23 bytes left on the HTTP socket
200.206  23 bytes left on the HTTP socket
200.401  23 bytes left on the HTTP socket
200.658  23 bytes left on the HTTP socket
200.865  23 bytes left on the HTTP socket
200.989  23 bytes left on the HTTP socket
201.119  23 bytes left on the HTTP socket
201.273  23 bytes left on the HTTP socket
201.919  23 bytes left on the HTTP socket
203.257  23 bytes left on the HTTP socket
204.037  23 bytes left on the HTTP socket
204.704  23 bytes left on the HTTP socket
205.312  23 bytes left on the HTTP socket
206.746  23 bytes left on the HTTP socket
207.414  23 bytes left on the HTTP socket
208.452  23 bytes left on the HTTP socket
208.888  23 bytes left on the HTTP socket
209.200  23 bytes left on the HTTP socket
209.470  23 bytes left on the HTTP socket
210.610  23 bytes left on the HTTP socket
211.832  23 bytes left on the HTTP socket
213.160  23 bytes left on the HTTP socket
214.877  23 bytes left on the HTTP socket
215.840  23 bytes left on the HTTP socket
216.192  23 bytes left on the HTTP socket
216.544  23 bytes left on the HTTP socket
216.794  23 bytes left on the HTTP socket
217.035  23 bytes left on the HTTP socket
217.243  23 bytes left on the HTTP socket
217.502  23 bytes left on the HTTP socket
218.121  23 bytes left on the HTTP socket
218.652  23 bytes left on the HTTP socket
219.097  23 bytes left on the HTTP socket
220.034  23 bytes left on the HTTP socket
220.559  23 bytes left on the HTTP socket
220.808  23 bytes left on the HTTP socket
222.190  23 bytes left on the HTTP socket
223.666  23 bytes left on the HTTP socket
223.815  23 bytes left on the HTTP socket
224.015  23 bytes left on the HTTP socket
224.500  23 bytes left on the HTTP socket
224.647  23 bytes left on the HTTP socket
224.790  23 bytes left on the HTTP socket
225.230  23 bytes left on the HTTP socket
225.356  23 bytes left on the HTTP socket
225.768  23 bytes left on the HTTP socket
226.254  23 bytes left on the HTTP socket
226.549  23 bytes left on the HTTP socket
227.342  23 bytes left on the HTTP socket
228.030  23 bytes left on the HTTP socket
228.116  23 bytes left on the HTTP socket
228.262  23 bytes left on the HTTP socket
228.593  23 bytes left on the HTTP socket
228.727  22 bytes left on the HTTP socket
228.971  23 bytes left on the HTTP socket
229.350  23 bytes left on the HTTP socket
229.739  22 bytes left on the HTTP socket
229.978  23 bytes left on the HTTP socket
230.201  23 bytes left on the HTTP socket
231.859  23 bytes left on the HTTP socket
232.766  23 bytes left on the HTTP socket
234.426  22 bytes left on the HTTP socket
234.716  23 bytes left on the HTTP socket
235.495  23 bytes left on the HTTP socket
235.694  23 bytes left on the HTTP socket
236.183  23 bytes left on the HTTP socket
236.566  23 bytes left on the HTTP socket
236.878  22 bytes left on the HTTP socket
237.390  23 bytes left on the HTTP socket
237.517  23 bytes left on the HTTP socket
238.462  23 bytes left on the HTTP socket
238.746  23 bytes left on the HTTP socket
239.545  23 bytes left on the HTTP socket
239.698  23 bytes left on the HTTP socket
239.894  23 bytes left on the HTTP socket
240.814  23 bytes left on the HTTP socket
242.644  23 bytes left on the HTTP socket
244.085  23 bytes left on the HTTP socket
246.749  23 bytes left on the HTTP socket
248.209  23 bytes left on the HTTP socket
248.833  23 bytes left on the HTTP socket
249.369  23 bytes left on the HTTP socket
250.847  23 bytes left on the HTTP socket
251.201  23 bytes left on the HTTP socket
251.601  23 bytes left on the HTTP socket
252.855  23 bytes left on the HTTP socket
254.147  23 bytes left on the HTTP socket
254.285  23 bytes left on the HTTP socket
254.585  23 bytes left on the HTTP socket
255.183  22 bytes left on the HTTP socket
255.390  23 bytes left on the HTTP socket
256.239  23 bytes left on the HTTP socket
257.200  23 bytes left on the HTTP socket
258.410  22 bytes left on the HTTP socket
258.587  23 bytes left on the HTTP socket
259.449  23 bytes left on the HTTP socket
260.268  23 bytes left on the HTTP socket
260.462  23 bytes left on the HTTP socket
260.670  23 bytes left on the HTTP socket
260.920  23 bytes left on the HTTP socket
261.071  23 bytes left on the HTTP socket
261.277  23 bytes left on the HTTP socket
262.664  23 bytes left on the HTTP socket
262.926  23 bytes left on the HTTP socket
264.217  23 bytes left on the HTTP socket
264.461  23 bytes left on the HTTP socket
264.788  23 bytes left on the HTTP socket
266.281  23 bytes left on the HTTP socket
267.549  23 bytes left on the HTTP socket
267.619  23 bytes left on the HTTP socket
267.753  23 bytes left on the HTTP socket
269.340  23 bytes left on the HTTP socket
269.588  23 bytes left on the HTTP socket
270.946  23 bytes left on the HTTP socket
271.156  23 bytes left on the HTTP socket
271.447  23 bytes left on the HTTP socket
272.666  23 bytes left on the HTTP socket
273.845  23 bytes left on the HTTP socket
278.653  23 bytes left on the HTTP socket
281.248  23 bytes left on the HTTP socket
283.290  23 bytes left on the HTTP socket
284.585  23 bytes left on the HTTP socket
284.724  23 bytes left on the HTTP socket
284.938  23 bytes left on the HTTP socket
285.478  23 bytes left on the HTTP socket
286.181  22 bytes left on the HTTP socket
286.746  23 bytes left on the HTTP socket
286.851  22 bytes left on the HTTP socket
287.011  23 bytes left on the HTTP socket
287.705  23 bytes left on the HTTP socket
288.667  23 bytes left on the HTTP socket
288.793  23 bytes left on the HTTP socket
288.992  22 bytes left on the HTTP socket
289.443  22 bytes left on the HTTP socket
290.415  23 bytes left on the HTTP socket
291.722  23 bytes left on the HTTP socket
292.482  23 bytes left on the HTTP socket
293.444  23 bytes left on the HTTP socket
293.571  23 bytes left on the HTTP socket
293.776  22 bytes left on the HTTP socket
294.388  23 bytes left on the HTTP socket
295.449  23 bytes left on the HTTP socket
297.649  23 bytes left on the HTTP socket
298.621  23 bytes left on the HTTP socket
299.954  23 bytes left on the HTTP socket
300.083  23 bytes left on the HTTP socket
300.388  23 bytes left on the HTTP socket
301.189  23 bytes left on the HTTP socket
302.612  23 bytes left on the HTTP socket
303.910  23 bytes left on the HTTP socket
304.174  23 bytes left on the HTTP socket
304.915  23 bytes left on the HTTP socket
305.773  23 bytes left on the HTTP socket
305.896  23 bytes left on the HTTP socket
306.092  23 bytes left on the HTTP socket
306.527  23 bytes left on the HTTP socket
307.149  23 bytes left on the HTTP socket
307.822  22 bytes left on the HTTP socket
310.083  23 bytes left on the HTTP socket
312.462  23 bytes left on the HTTP socket
314.098  23 bytes left on the HTTP socket
314.235  22 bytes left on the HTTP socket
314.593  23 bytes left on the HTTP socket
315.443  23 bytes left on the HTTP socket
316.801  23 bytes left on the HTTP socket
317.898  22 bytes left on the HTTP socket
318.463  23 bytes left on the HTTP socket
319.141  23 bytes left on the HTTP socket
319.216  23 bytes left on the HTTP socket
319.360  23 bytes left on the HTTP socket
319.739  23 bytes left on the HTTP socket
320.263  22 bytes left on the HTTP socket
321.266  23 bytes left on the HTTP socket
321.710  23 bytes left on the HTTP socket
322.288  23 bytes left on the HTTP socket
322.370  23 bytes left on the HTTP socket
322.522  23 bytes left on the HTTP socket
322.880  23 bytes left on the HTTP socket
323.419  22 bytes left on the HTTP socket
323.980  23 bytes left on the HTTP socket
326.057  23 bytes left on the HTTP socket
327.325  23 bytes left on the HTTP socket
327.450  23 bytes left on the HTTP socket
327.746  23 bytes left on the HTTP socket
328.516  22 bytes left on the HTTP socket
328.710  23 bytes left on the HTTP socket
330.053  23 bytes left on the HTTP socket
331.386  23 bytes left on the HTTP socket
331.585  23 bytes left on the HTTP socket
332.461  23 bytes left on the HTTP socket
333.668  23 bytes left on the HTTP socket
333.794  23 bytes left on the HTTP socket
333.992  23 bytes left on the HTTP socket
334.545  22 bytes left on the HTTP socket
335.523  23 bytes left on the HTTP socket
336.269  23 bytes left on the HTTP socket
337.154  23 bytes left on the HTTP socket
338.042  23 bytes left on the HTTP socket
338.168  23 bytes left on the HTTP socket
338.369  23 bytes left on the HTTP socket
338.925  22 bytes left on the HTTP socket
339.870  23 bytes left on the HTTP socket
340.026  23 bytes left on the HTTP socket
340.656  23 bytes left on the HTTP socket
341.586  23 bytes left on the HTTP socket
341.725  23 bytes left on the HTTP socket
341.957  23 bytes left on the HTTP socket
342.618  23 bytes left on the HTTP socket
343.652  23 bytes left on the HTTP socket
344.513  23 bytes left on the HTTP socket
347.994  23 bytes left on the HTTP socket
350.404  22 bytes left on the HTTP socket
350.535  23 bytes left on the HTTP socket
350.855  23 bytes left on the HTTP socket
352.050  23 bytes left on the HTTP socket
352.912  23 bytes left on the HTTP socket
353.370  23 bytes left on the HTTP socket
353.890  23 bytes left on the HTTP socket
353.976  23 bytes left on the HTTP socket
354.126  22 bytes left on the HTTP socket
354.624  23 bytes left on the HTTP socket
356.402  23 bytes left on the HTTP socket
356.603  23 bytes left on the HTTP socket
357.559  23 bytes left on the HTTP socket
359.898  23 bytes left on the HTTP socket
360.049  23 bytes left on the HTTP socket
360.463  23 bytes left on the HTTP socket
361.527  23 bytes left on the HTTP socket
364.069  23 bytes left on the HTTP socket
365.877  23 bytes left on the HTTP socket
367.081  23 bytes left on the HTTP socket
368.744  23 bytes left on the HTTP socket
368.880  23 bytes left on the HTTP socket
369.206  23 bytes left on the HTTP socket
370.030  23 bytes left on the HTTP socket
371.422  23 bytes left on the HTTP socket
372.480  23 bytes left on the HTTP socket
373.654  23 bytes left on the HTTP socket
374.613  23 bytes left on the HTTP socket
374.752  23 bytes left on the HTTP socket
374.975  23 bytes left on the HTTP socket
375.542  23 bytes left on the HTTP socket
376.523  23 bytes left on the HTTP socket
377.643  23 bytes left on the HTTP socket
377.943  23 bytes left on the HTTP socket
378.733  23 bytes left on the HTTP socket
379.616  23 bytes left on the HTTP socket
379.762  23 bytes left on the HTTP socket
379.971  23 bytes left on the HTTP socket
380.540  23 bytes left on the HTTP socket
381.628  23 bytes left on the HTTP socket
382.981  23 bytes left on the HTTP socket
383.435  23 bytes left on the HTTP socket
384.240  23 bytes left on the HTTP socket
385.091  23 bytes left on the HTTP socket
385.257  23 bytes left on the HTTP socket
385.491  23 bytes left on the HTTP socket
386.061  23 bytes left on the HTTP socket
386.935  23 bytes left on the HTTP socket
388.400  23 bytes left on the HTTP socket
388.650  23 bytes left on the HTTP socket
388.895  23 bytes left on the HTTP socket
389.728  23 bytes left on the HTTP socket
390.503  24 bytes left on the HTTP socket
390.587  24 bytes left on the HTTP socket
390.787  23 bytes left on the HTTP socket
391.237  23 bytes left on the HTTP socket
391.886  23 bytes left on the HTTP socket
392.484  24 bytes left on the HTTP socket
392.892  23 bytes left on the HTTP socket
393.332  23 bytes left on the HTTP socket
393.803  23 bytes left on the HTTP socket
393.891  23 bytes left on the HTTP socket
394.202  24 bytes left on the HTTP socket
395.510  23 bytes left on the HTTP socket
397.392  24 bytes left on the HTTP socket
398.777  24 bytes left on the HTTP socket
399.675  24 bytes left on the HTTP socket
400.933  24 bytes left on the HTTP socket
401.095  24 bytes left on the HTTP socket
401.394  24 bytes left on the HTTP socket
402.194  23 bytes left on the HTTP socket
403.603  23 bytes left on the HTTP socket
404.767  24 bytes left on the HTTP socket
406.878  24 bytes left on the HTTP socket
408.849  24 bytes left on the HTTP socket
411.098  23 bytes left on the HTTP socket
412.897  23 bytes left on the HTTP socket
413.814  24 bytes left on the HTTP socket
414.673  24 bytes left on the HTTP socket
416.082  23 bytes left on the HTTP socket
417.463  24 bytes left on the HTTP socket
418.365  23 bytes left on the HTTP socket
419.359  24 bytes left on the HTTP socket
420.341  24 bytes left on the HTTP socket
420.537  24 bytes left on the HTTP socket
420.943  24 bytes left on the HTTP socket
421.531  24 bytes left on the HTTP socket
422.190  24 bytes left on the HTTP socket
425.765  24 bytes left on the HTTP socket
427.532  24 bytes left on the HTTP socket
429.392  24 bytes left on the HTTP socket
429.690  24 bytes left on the HTTP socket
430.481  24 bytes left on the HTTP socket
431.416  24 bytes left on the HTTP socket
432.261  24 bytes left on the HTTP socket
432.552  24 bytes left on the HTTP socket
435.582  24 bytes left on the HTTP socket
436.851  24 bytes left on the HTTP socket
438.293  24 bytes left on the HTTP socket
438.516  24 bytes left on the HTTP socket
439.086  24 bytes left on the HTTP socket
440.045  24 bytes left on the HTTP socket
440.809  24 bytes left on the HTTP socket
441.675  24 bytes left on the HTTP socket
442.050  24 bytes left on the HTTP socket
442.736  24 bytes left on the HTTP socket
443.267  24 bytes left on the HTTP socket
444.278  24 bytes left on the HTTP socket
445.089  24 bytes left on the HTTP socket
446.024  24 bytes left on the HTTP socket
446.297  24 bytes left on the HTTP socket
446.769  24 bytes left on the HTTP socket
447.662  24 bytes left on the HTTP socket
450.366  24 bytes left on the HTTP socket
452.083  24 bytes left on the HTTP socket
454.396  24 bytes left on the HTTP socket
456.207  24 bytes left on the HTTP socket
456.351  24 bytes left on the HTTP socket
457.587  24 bytes left on the HTTP socket
458.120  24 bytes left on the HTTP socket
459.780  24 bytes left on the HTTP socket
460.689  24 bytes left on the HTTP socket
461.926  24 bytes left on the HTTP socket
465.182  24 bytes left on the HTTP socket
467.737  23 bytes left on the HTTP socket
468.577  24 bytes left on the HTTP socket
470.609  24 bytes left on the HTTP socket
472.924  24 bytes left on the HTTP socket
473.900  23 bytes left on the HTTP socket
474.936  24 bytes left on the HTTP socket
476.163  23 bytes left on the HTTP socket
477.239  24 bytes left on the HTTP socket
479.027  Adding the key (<bzrlib.btree_index.BTreeGraphIndex object at 0x102d398d0>, 79024616, 6609464) to an LRUSizeCache failed. value 42323794 is too big to fit in a the cache with size 41943040 52428800
479.066  23 bytes left on the HTTP socket
479.537  24 bytes left on the HTTP socket
479.677  24 bytes left on the HTTP socket
480.098  22 bytes left on the HTTP socket
480.635  24 bytes left on the HTTP socket
481.623  24 bytes left on the HTTP socket
481.995  22 bytes left on the HTTP socket
482.282  23 bytes left on the HTTP socket
482.414  24 bytes left on the HTTP socket
482.602  22 bytes left on the HTTP socket
482.781  23 bytes left on the HTTP socket
483.000  23 bytes left on the HTTP socket
483.552  22 bytes left on the HTTP socket
483.682  23 bytes left on the HTTP socket
483.813  23 bytes left on the HTTP socket
484.202  23 bytes left on the HTTP socket
484.437  23 bytes left on the HTTP socket
484.809  22 bytes left on the HTTP socket
484.936  23 bytes left on the HTTP socket
485.460  23 bytes left on the HTTP socket
486.205  24 bytes left on the HTTP socket
487.184  23 bytes left on the HTTP socket
488.043  24 bytes left on the HTTP socket
489.905  23 bytes left on the HTTP socket
491.992  23 bytes left on the HTTP socket
492.493  24 bytes left on the HTTP socket
494.061  24 bytes left on the HTTP socket
494.373  24 bytes left on the HTTP socket
495.081  24 bytes left on the HTTP socket
495.600  24 bytes left on the HTTP socket
497.561  23 bytes left on the HTTP socket
499.139  23 bytes left on the HTTP socket
499.704  23 bytes left on the HTTP socket
500.171  24 bytes left on the HTTP socket
500.584  24 bytes left on the HTTP socket
501.592  24 bytes left on the HTTP socket
502.234  24 bytes left on the HTTP socket
503.011  24 bytes left on the HTTP socket
503.278  24 bytes left on the HTTP socket
503.571  24 bytes left on the HTTP socket
503.976  24 bytes left on the HTTP socket
504.261  24 bytes left on the HTTP socket
504.427  24 bytes left on the HTTP socket
506.442  22 bytes left on the HTTP socket
507.903  24 bytes left on the HTTP socket
508.910  23 bytes left on the HTTP socket
509.783  24 bytes left on the HTTP socket
510.240  23 bytes left on the HTTP socket
511.101  24 bytes left on the HTTP socket
513.326  23 bytes left on the HTTP socket
516.055  24 bytes left on the HTTP socket
519.529  23 bytes left on the HTTP socket
520.790  24 bytes left on the HTTP socket
521.053  24 bytes left on the HTTP socket
523.169  24 bytes left on the HTTP socket
523.970  24 bytes left on the HTTP socket
524.316  24 bytes left on the HTTP socket
539.880  creating branch <bzrlib.branch.BzrBranchFormat7 object at 0x102d83e90> in file:///Users/maksim/tmp/dolfin/
540.302  created new branch BzrBranch7(file:///Users/maksim/tmp/dolfin/)
540.304  trying to create missing lock '/Users/maksim/tmp/dolfin/.bzr/checkout/dirstate'
540.305  opening working tree '/Users/maksim/tmp/dolfin'
[77819] 2013-02-18 14:35:16.888 INFO: Branched 7436 revisions.
541.865  Transferred: 639740kB (1182.3kB/s r:639312kB w:428kB)
541.865  return code 0

пн 2013-02-18 15:03:29 +0400
0.056  bazaar version: 2.5.1
0.056  bzr arguments: [u'branch', u'lp:ufc']
0.062  looking for plugins in /Users/maksim/.bazaar/plugins
0.062  looking for plugins in /usr/local/Cellar/bazaar/2.5.1/libexec/bzrlib/plugins
0.074  looking for plugins in /Library/Frameworks/EPD64.framework/Versions/7.3/lib/python2.7/site-packages/bzrlib/plugins
0.076  encoding stdout as sys.stdout encoding 'UTF-8'
[79042] 2013-02-18 15:03:30.477 WARNING: Not checking SSL certificate for xmlrpc.launchpad.net
[79042] 2013-02-18 15:03:31.175 WARNING: You have not informed bzr of your Launchpad ID, and you must do this to
write to Launchpad or access private data.  See "bzr help launchpad-login".
2.107  creating repository in file:///Users/maksim/tmp/ufc/.bzr/.
2.168  Using fetch logic to copy between CHKInventoryRepository('http://bazaar.launchpad.net/~ufc-core/ufc/main/.bzr/repository/')(RepositoryFormat2a()) and CHKInventoryRepository('file:///Users/maksim/tmp/ufc/.bzr/repository/')(RepositoryFormat2a())
2.168  fetching: <PendingAncestryResult heads:frozenset(['martinal@simula.no-20130206150825-aota1hbvjlueeykl']) repo:CHKInventoryRepository('http://bazaar.launchpad.net/~ufc-core/ufc/main/.bzr/repository/')>
9.216  23 bytes left on the HTTP socket
11.103  23 bytes left on the HTTP socket
11.483  23 bytes left on the HTTP socket
14.423  23 bytes left on the HTTP socket
16.467  23 bytes left on the HTTP socket
17.325  23 bytes left on the HTTP socket
17.690  creating branch <bzrlib.branch.BzrBranchFormat7 object at 0x102fa8390> in file:///Users/maksim/tmp/ufc/
17.891  created new branch BzrBranch7(file:///Users/maksim/tmp/ufc/)
17.894  trying to create missing lock '/Users/maksim/tmp/ufc/.bzr/checkout/dirstate'
17.894  opening working tree '/Users/maksim/tmp/ufc'
[79042] 2013-02-18 15:03:47.897 INFO: Branched 389 revisions.
17.981  Transferred: 14436kB (867.7kB/s r:14406kB w:30kB)
17.981  return code 0
